2025-02-24 16:12:40.260 [info] Reading sessions from keychain...
2025-02-24 16:12:40.260 [info] Getting sessions for all scopes...
2025-02-24 16:12:40.260 [info] Getting sessions for all scopes...
2025-02-24 16:12:40.260 [info] Getting sessions for all scopes...
2025-02-24 16:12:40.260 [info] Getting sessions for user:email...
2025-02-24 16:12:40.260 [info] Getting sessions for all scopes...
2025-02-24 16:12:40.260 [info] Getting sessions for all scopes...
2025-02-24 16:12:40.260 [info] Getting sessions for all scopes...
2025-02-24 16:12:40.260 [info] Getting sessions for all scopes...
2025-02-24 16:12:40.260 [info] Getting sessions for all scopes...
2025-02-24 16:12:40.260 [info] Got stored sessions!
2025-02-24 16:12:40.260 [info] Got 6 verified sessions.
2025-02-24 16:12:40.260 [info] Got 6 sessions for ...
2025-02-24 16:12:40.260 [info] Got 6 sessions for ...
2025-02-24 16:12:40.260 [info] Got 6 sessions for ...
2025-02-24 16:12:40.260 [info] Got 1 sessions for user:email...
2025-02-24 16:12:40.260 [info] Got 6 sessions for ...
2025-02-24 16:12:40.260 [info] Got 6 sessions for ...
2025-02-24 16:12:40.260 [info] Got 6 sessions for ...
2025-02-24 16:12:40.260 [info] Got 6 sessions for ...
2025-02-24 16:12:40.260 [info] Got 6 sessions for ...
2025-02-24 16:12:40.867 [info] Getting sessions for all scopes...
2025-02-24 16:12:40.893 [info] Getting sessions for codespace,read:user,repo,user:email...
2025-02-24 16:12:40.916 [info] Got 6 sessions for ...
2025-02-24 16:12:40.916 [info] Got 1 sessions for codespace,read:user,repo,user:email...
2025-02-24 16:12:41.679 [info] Getting sessions for all scopes...
2025-02-24 16:12:41.679 [info] Got 6 sessions for ...
2025-02-24 16:12:42.000 [info] Getting sessions for all scopes...
2025-02-24 16:12:42.000 [info] Getting sessions for project,read:org,read:user,repo,user:email,workflow...
2025-02-24 16:12:42.001 [info] Got 6 sessions for ...
2025-02-24 16:12:42.001 [info] Got 0 sessions for project,read:org,read:user,repo,user:email,workflow...
2025-02-24 16:12:43.000 [info] Getting sessions for all scopes...
2025-02-24 16:12:43.001 [info] Got 6 sessions for ...
2025-02-24 16:12:43.143 [info] Getting sessions for all scopes...
2025-02-24 16:12:43.151 [info] Got 6 sessions for ...
2025-02-24 16:12:43.246 [info] Getting sessions for read:user,repo,user:email,workflow...
2025-02-24 16:12:43.246 [info] Getting sessions for all scopes...
2025-02-24 16:12:43.246 [info] Got 1 sessions for read:user,repo,user:email,workflow...
2025-02-24 16:12:43.246 [info] Got 6 sessions for ...
2025-02-24 16:12:44.293 [info] Getting sessions for read:user,repo,user:email,workflow...
2025-02-24 16:12:44.293 [info] Got 1 sessions for read:user,repo,user:email,workflow...
2025-02-24 16:12:47.467 [info] Getting sessions for read:user,repo,user:email,workflow...
2025-02-24 16:12:47.468 [info] Got 1 sessions for read:user,repo,user:email,workflow...
2025-02-24 16:12:56.677 [info] Getting sessions for all scopes...
2025-02-24 16:12:56.678 [info] Getting sessions for all scopes...
2025-02-24 16:12:56.678 [info] Getting sessions for read:user,repo,user:email,workflow...
2025-02-24 16:12:56.678 [info] Got 6 sessions for ...
2025-02-24 16:12:56.678 [info] Got 6 sessions for ...
2025-02-24 16:12:56.678 [info] Got 1 sessions for read:user,repo,user:email,workflow...
2025-02-24 16:12:57.799 [info] Getting sessions for read:user,repo,user:email,workflow...
2025-02-24 16:12:57.800 [info] Got 1 sessions for read:user,repo,user:email,workflow...
2025-02-24 16:12:58.625 [info] Getting sessions for all scopes...
2025-02-24 16:12:58.625 [info] Getting sessions for all scopes...
2025-02-24 16:12:58.626 [info] Got 6 sessions for ...
2025-02-24 16:12:58.626 [info] Got 6 sessions for ...
2025-02-24 16:12:58.803 [info] Getting sessions for all scopes...
2025-02-24 16:12:58.803 [info] Got 6 sessions for ...
2025-02-24 16:12:59.176 [info] Getting sessions for read:user,repo,user:email,workflow...
2025-02-24 16:12:59.176 [info] Got 1 sessions for read:user,repo,user:email,workflow...
2025-02-24 16:13:00.630 [info] Getting sessions for all scopes...
2025-02-24 16:13:00.630 [info] Getting sessions for all scopes...
2025-02-24 16:13:00.631 [info] Got 6 sessions for ...
2025-02-24 16:13:00.631 [info] Got 6 sessions for ...
2025-02-24 16:13:01.137 [info] Getting sessions for read:user,repo,user:email,workflow...
2025-02-24 16:13:01.144 [info] Got 1 sessions for read:user,repo,user:email,workflow...
2025-02-24 16:13:01.341 [info] Getting sessions for all scopes...
2025-02-24 16:13:01.341 [info] Got 6 sessions for ...
2025-02-24 16:13:01.458 [info] Getting sessions for read:user,repo,user:email,workflow...
2025-02-24 16:13:01.458 [info] Got 1 sessions for read:user,repo,user:email,workflow...
2025-02-24 16:13:03.482 [info] Getting sessions for all scopes...
2025-02-24 16:13:03.482 [info] Got 6 sessions for ...
2025-02-24 16:13:04.030 [info] Getting sessions for read:user,repo,user:email,workflow...
2025-02-24 16:13:04.030 [info] Got 1 sessions for read:user,repo,user:email,workflow...
2025-02-24 16:13:29.334 [info] Getting sessions for read:user,repo,user:email,workflow...
2025-02-24 16:13:29.334 [info] Got 1 sessions for read:user,repo,user:email,workflow...
2025-02-24 16:17:41.405 [info] Getting sessions for all scopes...
2025-02-24 16:17:41.406 [info] Got 6 sessions for ...
2025-02-24 16:17:41.472 [info] Getting sessions for read:user,repo,user:email,workflow...
2025-02-24 16:17:41.472 [info] Got 1 sessions for read:user,repo,user:email,workflow...
2025-02-24 16:17:45.018 [info] Getting sessions for all scopes...
2025-02-24 16:17:45.018 [info] Got 6 sessions for ...
2025-02-24 16:17:45.146 [info] Getting sessions for read:user,repo,user:email,workflow...
2025-02-24 16:17:45.146 [info] Got 1 sessions for read:user,repo,user:email,workflow...
2025-02-24 16:17:45.897 [info] Getting sessions for all scopes...
2025-02-24 16:17:45.897 [info] Got 6 sessions for ...
2025-02-24 16:17:45.976 [info] Getting sessions for read:user,repo,user:email,workflow...
2025-02-24 16:17:45.976 [info] Got 1 sessions for read:user,repo,user:email,workflow...
2025-02-24 16:18:05.045 [info] Getting sessions for all scopes...
2025-02-24 16:18:05.046 [info] Got 6 sessions for ...
2025-02-24 16:18:05.207 [info] Getting sessions for read:user,repo,user:email,workflow...
2025-02-24 16:18:05.207 [info] Got 1 sessions for read:user,repo,user:email,workflow...
2025-02-24 16:28:04.112 [info] Getting sessions for all scopes...
2025-02-24 16:28:04.112 [info] Got 6 sessions for ...
2025-02-24 16:28:04.187 [info] Getting sessions for read:user,repo,user:email,workflow...
2025-02-24 16:28:04.187 [info] Got 1 sessions for read:user,repo,user:email,workflow...
2025-02-24 16:28:04.270 [info] Getting sessions for all scopes...
2025-02-24 16:28:04.270 [info] Got 6 sessions for ...
2025-02-24 16:28:04.342 [info] Getting sessions for read:user,repo,user:email,workflow...
2025-02-24 16:28:04.342 [info] Got 1 sessions for read:user,repo,user:email,workflow...
2025-02-24 16:30:49.879 [info] Getting sessions for all scopes...
2025-02-24 16:30:49.879 [info] Got 6 sessions for ...
2025-02-24 16:30:49.969 [info] Getting sessions for read:user,repo,user:email,workflow...
2025-02-24 16:30:49.969 [info] Got 1 sessions for read:user,repo,user:email,workflow...
2025-02-24 16:30:55.462 [info] Getting sessions for all scopes...
2025-02-24 16:30:55.462 [info] Got 6 sessions for ...
2025-02-24 16:30:55.572 [info] Getting sessions for read:user,repo,user:email,workflow...
2025-02-24 16:30:55.572 [info] Got 1 sessions for read:user,repo,user:email,workflow...
2025-02-24 16:30:55.865 [info] Getting sessions for all scopes...
2025-02-24 16:30:55.865 [info] Got 6 sessions for ...
2025-02-24 16:30:55.932 [info] Getting sessions for read:user,repo,user:email,workflow...
2025-02-24 16:30:55.933 [info] Got 1 sessions for read:user,repo,user:email,workflow...
2025-02-24 16:31:02.237 [info] Getting sessions for all scopes...
2025-02-24 16:31:02.237 [info] Got 6 sessions for ...
2025-02-24 16:31:02.323 [info] Getting sessions for read:user,repo,user:email,workflow...
2025-02-24 16:31:02.323 [info] Got 1 sessions for read:user,repo,user:email,workflow...
2025-02-24 16:38:00.568 [info] Getting sessions for all scopes...
2025-02-24 16:38:00.568 [info] Got 6 sessions for ...
2025-02-24 16:38:00.660 [info] Getting sessions for read:user,repo,user:email,workflow...
2025-02-24 16:38:00.660 [info] Got 1 sessions for read:user,repo,user:email,workflow...
2025-02-24 16:38:01.249 [info] Getting sessions for all scopes...
2025-02-24 16:38:01.249 [info] Getting sessions for all scopes...
2025-02-24 16:38:01.249 [info] Got 6 sessions for ...
2025-02-24 16:38:01.249 [info] Got 6 sessions for ...
2025-02-24 16:38:01.335 [info] Getting sessions for read:user,repo,user:email,workflow...
2025-02-24 16:38:01.335 [info] Got 1 sessions for read:user,repo,user:email,workflow...
2025-02-24 16:38:01.419 [info] Getting sessions for all scopes...
2025-02-24 16:38:01.419 [info] Got 6 sessions for ...
2025-02-24 16:38:01.514 [info] Getting sessions for read:user,repo,user:email,workflow...
2025-02-24 16:38:01.514 [info] Got 1 sessions for read:user,repo,user:email,workflow...
2025-02-24 16:38:01.605 [info] Getting sessions for all scopes...
2025-02-24 16:38:01.605 [info] Got 6 sessions for ...
2025-02-24 16:38:01.696 [info] Getting sessions for read:user,repo,user:email,workflow...
2025-02-24 16:38:01.696 [info] Got 1 sessions for read:user,repo,user:email,workflow...
2025-02-24 16:38:48.598 [info] Getting sessions for all scopes...
2025-02-24 16:38:48.598 [info] Got 6 sessions for ...
2025-02-24 16:38:48.669 [info] Getting sessions for read:user,repo,user:email,workflow...
2025-02-24 16:38:48.669 [info] Got 1 sessions for read:user,repo,user:email,workflow...
2025-02-24 16:38:49.151 [info] Getting sessions for all scopes...
2025-02-24 16:38:49.151 [info] Got 6 sessions for ...
2025-02-24 16:38:49.232 [info] Getting sessions for read:user,repo,user:email,workflow...
2025-02-24 16:38:49.233 [info] Got 1 sessions for read:user,repo,user:email,workflow...
2025-02-24 16:38:49.976 [info] Getting sessions for all scopes...
2025-02-24 16:38:49.976 [info] Got 6 sessions for ...
2025-02-24 16:38:50.059 [info] Getting sessions for read:user,repo,user:email,workflow...
2025-02-24 16:38:50.059 [info] Got 1 sessions for read:user,repo,user:email,workflow...
2025-02-24 16:38:51.028 [info] Getting sessions for all scopes...
2025-02-24 16:38:51.032 [info] Got 6 sessions for ...
2025-02-24 16:38:51.241 [info] Getting sessions for read:user,repo,user:email,workflow...
2025-02-24 16:38:51.244 [info] Got 1 sessions for read:user,repo,user:email,workflow...
2025-02-24 16:38:52.282 [info] Getting sessions for all scopes...
2025-02-24 16:38:52.282 [info] Got 6 sessions for ...
2025-02-24 16:38:52.372 [info] Getting sessions for read:user,repo,user:email,workflow...
2025-02-24 16:38:52.373 [info] Got 1 sessions for read:user,repo,user:email,workflow...
2025-02-24 16:38:52.605 [info] Getting sessions for all scopes...
2025-02-24 16:38:52.605 [info] Got 6 sessions for ...
2025-02-24 16:38:52.680 [info] Getting sessions for read:user,repo,user:email,workflow...
2025-02-24 16:38:52.680 [info] Got 1 sessions for read:user,repo,user:email,workflow...
2025-02-24 16:39:03.752 [info] Getting sessions for all scopes...
2025-02-24 16:39:03.752 [info] Got 6 sessions for ...
2025-02-24 16:39:03.832 [info] Getting sessions for read:user,repo,user:email,workflow...
2025-02-24 16:39:03.832 [info] Got 1 sessions for read:user,repo,user:email,workflow...
2025-02-24 16:39:05.604 [info] Getting sessions for all scopes...
2025-02-24 16:39:05.604 [info] Got 6 sessions for ...
2025-02-24 16:39:05.681 [info] Getting sessions for read:user,repo,user:email,workflow...
2025-02-24 16:39:05.681 [info] Got 1 sessions for read:user,repo,user:email,workflow...
2025-02-24 16:39:26.878 [info] Getting sessions for all scopes...
2025-02-24 16:39:26.878 [info] Got 6 sessions for ...
2025-02-24 16:39:27.031 [info] Getting sessions for read:user,repo,user:email,workflow...
2025-02-24 16:39:27.031 [info] Got 1 sessions for read:user,repo,user:email,workflow...
2025-02-24 16:39:27.752 [info] Getting sessions for all scopes...
2025-02-24 16:39:27.752 [info] Got 6 sessions for ...
2025-02-24 16:39:27.853 [info] Getting sessions for read:user,repo,user:email,workflow...
2025-02-24 16:39:27.854 [info] Got 1 sessions for read:user,repo,user:email,workflow...
2025-02-24 16:40:59.713 [info] Getting sessions for read:user,repo,user:email,workflow...
2025-02-24 16:40:59.713 [info] Got 1 sessions for read:user,repo,user:email,workflow...
