[Client I] GitHub Codespaces version 1.17.3
[Client I] isRunningInWeb: "true"
[Client V] Initializing authentication
[API I] Successfully signed in
[Client:extension:81d9 I] initializing
[Client:extension:81d9:resolver I] created with protocol "codespaces"
[RemoteExplorer I] Updating codespace performance info
[RemoteExplorer I] Updating codespace performance info
[DevContainerJsonSupport I] Initializing devcontainer.json support package
[DevContainerJsonSupport V] [2025-02-24T16:12:44.941Z] Internal initialization of dev container support package...

[Client I] Connecting to current codespace: scaling-space-garbanzo-4xwxxgwqgr37v64
[Command:Connect I] Decorator starting: ErrorNotification
[Command:Connect I] Decorator starting: Telemetry
[Client I] Jupyter API registered? false
[API:retries-left-2 I] making GET request for "https://api.github.com/user/codespaces/scaling-space-garbanzo-4xwxxgwqgr37v64"
[RemoteExplorer I] Updating codespace performance info
[Client:extension:81d9:resolver:resolve:1 I] resolve retry #3
[Client:extension:81d9:resolver:resolve:1 I] resolving "codespaces+scaling-space-garbanzo-4xwxxgwqgr37v64"
[Client:extension:81d9:resolver:resolve:1 I] codespace: "scaling-space-garbanzo-4xwxxgwqgr37v64", fetching details
[Client:extension:81d9:resolver:resolve:1:fetch-codespace-info I] fetching codespace details for "scaling-space-garbanzo-4xwxxgwqgr37v64"
[Client:extension:81d9:resolver:resolve:1:fetch-codespace-info I] signed in, getting the details
[Client:extension:81d9:resolver:resolve:1:fetch-codespace-info I] fetching codespace "scaling-space-garbanzo-4xwxxgwqgr37v64" (retries left: 2)
[API:retries-left-2 I] making GET request for "https://api.github.com/user/codespaces/scaling-space-garbanzo-4xwxxgwqgr37v64"
[RemoteExplorer I] Updating codespace performance info
[Client:extension:81d9:resolver I] successfully fetched codespace details> object #0: {
  "id": 25131414,
  "name": "<38:<redacted>>",
  "environment_id": "96a5c31c-150c-4ce8-8e65-fb7a2d611976",
  "owner": "<undefined:<redacted>>",
  "billable_owner": {
    "login": "tlyim",
    "id": 10102234,
    "node_id": "MDQ6VXNlcjEwMTAyMjM0",
    "avatar_url": "https://avatars.githubusercontent.com/u/10102234?v=4",
    "gravatar_id": "",
    "url": "https://api.github.com/users/tlyim",
    "html_url": "https://github.com/tlyim",
    "followers_url": "https://api.github.com/users/tlyim/followers",
    "following_url": "https://api.github.com/users/tlyim/following{/other_user}",
    "gists_url": "https://api.github.com/users/tlyim/gists{/gist_id}",
    "starred_url": "https://api.github.com/users/tlyim/starred{/owner}{/repo}",
    "subscriptions_url": "https://api.github.com/users/tlyim/subscriptions",
    "organizations_url": "https://api.github.com/users/tlyim/orgs",
    "repos_url": "https://api.github.com/users/tlyim/repos",
    "events_url": "https://api.github.com/users/tlyim/events{/privacy}",
    "received_events_url": "https://api.github.com/users/tlyim/received_events",
    "type": "User",
    "user_view_type": "public",
    "site_admin": false
  },
  "repository": {
    "id": 937634551,
    "node_id": "R_kgDON-Mq9w",
    "name": "<6:<redacted>>",
    "full_name": "AppRschMethodESG/BBM104",
    "private": false,
    "owner": "<undefined:<redacted>>",
    "html_url": "https://github.com/AppRschMethodESG/BBM104",
    "description": "BBM104 Applied Research Methods in ESG - Demo codes",
    "fork": false,
    "url": "https://api.github.com/repos/AppRschMethodESG/BBM104",
    "forks_url": "https://api.github.com/repos/AppRschMethodESG/BBM104/forks",
    "keys_url": "https://api.github.com/repos/AppRschMethodESG/BBM104/keys{/key_id}",
    "collaborators_url": "https://api.github.com/repos/AppRschMethodESG/BBM104/collaborators{/collaborator}",
    "teams_url": "https://api.github.com/repos/AppRschMethodESG/BBM104/teams",
    "hooks_url": "https://api.github.com/repos/AppRschMethodESG/BBM104/hooks",
    "issue_events_url": "https://api.github.com/repos/AppRschMethodESG/BBM104/issues/events{/number}",
    "events_url": "https://api.github.com/repos/AppRschMethodESG/BBM104/events",
    "assignees_url": "https://api.github.com/repos/AppRschMethodESG/BBM104/assignees{/user}",
    "branches_url": "https://api.github.com/repos/AppRschMethodESG/BBM104/branches{/branch}",
    "tags_url": "https://api.github.com/repos/AppRschMethodESG/BBM104/tags",
    "blobs_url": "https://api.github.com/repos/AppRschMethodESG/BBM104/git/blobs{/sha}",
    "git_tags_url": "https://api.github.com/repos/AppRschMethodESG/BBM104/git/tags{/sha}",
    "git_refs_url": "https://api.github.com/repos/AppRschMethodESG/BBM104/git/refs{/sha}",
    "trees_url": "https://api.github.com/repos/AppRschMethodESG/BBM104/git/trees{/sha}",
    "statuses_url": "https://api.github.com/repos/AppRschMethodESG/BBM104/statuses/{sha}",
    "languages_url": "https://api.github.com/repos/AppRschMethodESG/BBM104/languages",
    "stargazers_url": "https://api.github.com/repos/AppRschMethodESG/BBM104/stargazers",
    "contributors_url": "https://api.github.com/repos/AppRschMethodESG/BBM104/contributors",
    "subscribers_url": "https://api.github.com/repos/AppRschMethodESG/BBM104/subscribers",
    "subscription_url": "https://api.github.com/repos/AppRschMethodESG/BBM104/subscription",
    "commits_url": "https://api.github.com/repos/AppRschMethodESG/BBM104/commits{/sha}",
    "git_commits_url": "https://api.github.com/repos/AppRschMethodESG/BBM104/git/commits{/sha}",
    "comments_url": "https://api.github.com/repos/AppRschMethodESG/BBM104/comments{/number}",
    "issue_comment_url": "https://api.github.com/repos/AppRschMethodESG/BBM104/issues/comments{/number}",
    "contents_url": "https://api.github.com/repos/AppRschMethodESG/BBM104/contents/{+path}",
    "compare_url": "https://api.github.com/repos/AppRschMethodESG/BBM104/compare/{base}...{head}",
    "merges_url": "https://api.github.com/repos/AppRschMethodESG/BBM104/merges",
    "archive_url": "https://api.github.com/repos/AppRschMethodESG/BBM104/{archive_format}{/ref}",
    "downloads_url": "https://api.github.com/repos/AppRschMethodESG/BBM104/downloads",
    "issues_url": "https://api.github.com/repos/AppRschMethodESG/BBM104/issues{/number}",
    "pulls_url": "https://api.github.com/repos/AppRschMethodESG/BBM104/pulls{/number}",
    "milestones_url": "https://api.github.com/repos/AppRschMethodESG/BBM104/milestones{/number}",
    "notifications_url": "https://api.github.com/repos/AppRschMethodESG/BBM104/notifications{?since,all,participating}",
    "labels_url": "https://api.github.com/repos/AppRschMethodESG/BBM104/labels{/name}",
    "releases_url": "https://api.github.com/repos/AppRschMethodESG/BBM104/releases{/id}",
    "deployments_url": "https://api.github.com/repos/AppRschMethodESG/BBM104/deployments"
  },
  "machine": {
    "name": "<14:<redacted>>",
    "display_name": "2 cores, 8 GB RAM, 32 GB storage",
    "operating_system": "linux",
    "storage_in_bytes": 34359738368,
    "memory_in_bytes": 8589934592,
    "cpus": 2,
    "prebuild_availability": null
  },
  "prebuild": null,
  "created_at": "2025-02-24T11:43:06+00:00",
  "updated_at": "2025-02-24T16:12:49+00:00",
  "last_used_at": "2025-02-24T16:08:49+00:00",
  "state": "Available",
  "url": "https://api.github.com/user/codespaces/scaling-space-garbanzo-4xwxxgwqgr37v64",
  "git_status": {
    "ahead": 0,
    "behind": 0,
    "has_unpushed_changes": true,
    "has_uncommitted_changes": true,
    "ref": "main"
  },
  "location": "UkSouth",
  "idle_timeout_minutes": 30,
  "web_url": "https://scaling-space-garbanzo-4xwxxgwqgr37v64.github.dev",
  "machines_url": "https://api.github.com/user/codespaces/scaling-space-garbanzo-4xwxxgwqgr37v64/machines",
  "start_url": "https://api.github.com/user/codespaces/scaling-space-garbanzo-4xwxxgwqgr37v64/start",
  "stop_url": "https://api.github.com/user/codespaces/scaling-space-garbanzo-4xwxxgwqgr37v64/stop",
  "pulls_url": null,
  "recent_folders": [],
  "runtime_constraints": {
    "allowed_port_privacy_settings": [
      "private",
      "public"
    ]
  },
  "connection": {
    "sessionPath": "/workspaces/BBM104",
    "tunnelProperties": {
      "tunnelId": "swift-hill-qh2hfz3",
      "clusterId": "uks1",
      "domain": "app.github.dev",
      "connectAccessToken": "<388:<redacted>>",
      "managePortsAccessToken": "<394:<redacted>>",
      "serviceUri": "https://global.rel.tunnels.api.visualstudio.com/"
    }
  },
  "container_id": "76078f634716a3896dbcf31ae37109cb845fcd95ae928d2c0c8e0f7558427b5f",
  "display_name": "scaling space garbanzo",
  "devcontainer_path": ".devcontainer/devcontainer.json",
  "pending_operation": false,
  "feature_flags": {
    "developer": false,
    "detailedActivityMonitor": false,
    "vscodeAccountSwitching": false,
    "enableSmbDiagnosticContinuousMonitoring": false,
    "enableSmbDiagnosticOnAnomalyMonitoring": false,
    "useEarlyWorkbenchWebClient": true,
    "useCoiWebClient": false,
    "remapUserNamespace": false,
    "removeConnectRetriesWebClient": true,
    "storageV2ExhaustiveValidation": false,
    "forcePushShutdownTelemetry": true,
    "useNewJupyterApi": true,
    "improvedWarmupContainerReuse": true,
    "storageV2ComprehensiveDiagnosticsCollection": false,
    "usingCopilotWorkspaceConfig": true,
    "copilotWorkspace": false,
    "hostnameSpecificGitCredentialHelper": true,
    "Basis": true,
    "Skuheapscaling": true,
    "CacheIde": true,
    "Developer": false,
    "Eap": false
  },
  "retention_period_minutes": 43200,
  "retention_expires_at": null,
  "template": null,
  "publish_url": null
}
[RemoteExplorer I] Updating codespace performance info
[Client:extension:81d9:resolver:resolve:1:check-codespace-state I] codespace scaling-space-garbanzo-4xwxxgwqgr37v64 (id: 96a5c31c-150c-4ce8-8e65-fb7a2d611976) is in the "Default" state
[Client:extension:81d9:resolver:resolve:1:check-codespace-state I] noop
[Client:extension:81d9:resolver I] Initializing RPC client
[Client:extension:81d9:resolver I] Running in web, using unix socket for communication
[Client:extension:81d9:resolver I] Initializing Node-based codespace host service client
[Client:extension:81d9:resolver I] Initializing Node-based VS Code server host service client
[Client:extension:81d9:resolver I] Initializing Node-based Jupyter server host service client
[Client:extension:81d9:resolver:resolve:1:check-codespace-state I] vscode connection options: > object #0: {
  "environmentId": "96a5c31c-150c-4ce8-8e65-fb7a2d611976",
  "vsCodeCommit": "e54c774e0add60467559eb0d1e229c6452cf8447",
  "vsCodeQuality": "stable",
  "extensions": [
    "GitHub.codespaces",
    "GitHub.vscode-pull-request-github"
  ],
  "telemetry": true
}
[RemoteExplorer I] Updating codespace details
[Client:extension:81d9:resolver I] Executed start-remote-server using gRPC
[Client:extension:81d9:resolver:resolve:1 I] vscode server remote port: "35435", local port: "undefined"}
[Client V] connect duration: 11627 ms
[Client:extension:81d9:resolver:resolve:1 I] Progress: Done
[Client:extension:81d9:resolver I] Subscribed to event stream
[Client:extension:81d9:resolver:resolve:1:background-tasks I] launching background configuration tasks
[Client:extension:81d9:resolver:resolve:1:background-tasks I] Running in web, starting post attach command listener without disposable
[Client:extension:81d9:resolver:resolve:1:background-tasks:post-attach-command-manager I] PostAttachCommandManager: addEnvironmentConfiguredEventCallback()
[Client:extension:81d9:resolver:resolve:1:background-tasks I] no max idle timeout notice
[Client:extension:81d9:resolver:resolve:1:background-tasks V] checking correctness of the codespace session path> object #0: [
  {
    "uri": {
      "$mid": 1,
      "fsPath": "/workspaces/BBM104",
      "external": "file:///workspaces/BBM104",
      "path": "/workspaces/BBM104",
      "scheme": "file"
    },
    "name": "<6:<redacted>>",
    "index": 0
  }
]
[Client:extension:81d9:resolver:resolve:1:background-tasks I] Running in web, starting dev container change event listener without disposable
[Client:extension:81d9:resolver:resolve:1:background-tasks I] Running in web, starting secrets updated event listener without disposable
[Client:extension:81d9:resolver:resolve:1:background-tasks I] Running in web, starting codespace stopping event listener without disposable
[Client:extension:81d9:resolver:resolve:1:background-tasks I] starting activity monitor, isRunningInWeb: "true"
[Client:extension:81d9:resolver:resolve:1:background-tasks:activity-monitor:vscode-activity-provider I] isRunningInWeb: true
[Client:extension:81d9:resolver:resolve:1:background-tasks:activity-monitor:vscode-activity-provider I] starting activity monitor
[Client:extension:81d9:resolver:resolve:1:background-tasks:activity-monitor:vscode-activity-provider V] sending activity heartbeat
[Client:extension:81d9:resolver:resolve:1:background-tasks I] Running in web, starting user notification event listener without disposable
[Client:extension:81d9:resolver:resolve:1:background-tasks:openDefaultFiles I] Skipping openFiles because it's not the first activation
[Command:Connect I] Command [Connect to Codespace]: Connect to Codespace Success (13967ms)
[Command:Connect I] Decorator finishing: Telemetry. Duration: 2ms (0 + 2)
[Command:Connect I] Decorator finishing: ErrorNotification. Duration: 1ms (1 + 0)
[Client:extension:81d9:resolver:resolve:1:background-tasks I] Executed get-container-persisted-folder using gRPC
[Client:extension:81d9:resolver:resolve:1:background-tasks V] container folder path: "/workspaces/.codespaces/.persistedshare"
[Client:extension:81d9:resolver:resolve:1:background-tasks V] shared folder path: "/workspaces/.codespaces/shared/postCreateOutput.json"
[Client:extension:81d9:resolver:resolve:1:background-tasks V] shared file path: "/workspaces/.codespaces/shared/postCreateOutput.json"
[Client:extension:81d9:resolver I] Received event: Subscribed
[Client:extension:81d9:resolver I] Client 585a5a20-0a02-4bbc-8c9e-54d0370fa008 subscribed to event stream
[Client:extension:81d9:resolver I] Received event: CreationLogUpdated
[Client:extension:81d9:resolver I] Event payload: {"text":"Finding image...","type":"inProgress","isStreamingLogs":false}
[Client:extension:81d9:resolver I] Received event: CreationLogUpdated
[Client:extension:81d9:resolver I] Event payload: {"text":"Image found.","type":"succeeded","isStreamingLogs":false}
[Client:extension:81d9:resolver I] Received event: CreationLogUpdated
[Client:extension:81d9:resolver I] Event payload: {"text":"Building container...","type":"inProgress","isStreamingLogs":true}
[Client:extension:81d9:resolver I] Received event: CreationLogUpdated
[Client:extension:81d9:resolver I] Event payload: {"text":"Container built.","type":"succeeded","isStreamingLogs":false}
[Client:extension:81d9:resolver I] Received event: EnvironmentConfigured
[Client:extension:81d9:resolver:resolve:1:background-tasks:post-attach-command-manager I] PostAttachCommandManager: handleEnvironmentConfiguredEvent()
[Client:extension:81d9:resolver:resolve:1:background-tasks I] Executed is-recovery-container using gRPC
[Client:extension:81d9:resolver:resolve:1:background-tasks V] not in recovery container
[Client:extension:81d9:resolver:resolve:1:background-tasks I] Executed configure-environment using gRPC
[Performance I] Executed get-container-persisted-folder using gRPC
[ResourceUsage I] Executed get-container-persisted-folder using gRPC
[ResourceUsage V] container folder path: "/workspaces/.codespaces/.persistedshare"
[ResourceUsage V] shared folder path: "/workspaces/.codespaces/shared/resource-usage.json"
[ResourceUsage V] shared file path: "/workspaces/.codespaces/shared/resource-usage.json"
[ResourceUsage I] Starting monitor
[ResourceUsage I] Checking if the codespace connection exists
[ResourceUsage I] Running in web, starting monitor without disposable
[Client:extension:81d9:resolver:resolve:1:background-tasks:activity-monitor:vscode-activity-provider I] Executed notify-codespace-of-client-activity using gRPC
[Client:extension:81d9:resolver:resolve:1:background-tasks:activity-monitor:vscode-activity-provider I] Activity signal sent with result true
[Performance I] Starting monitor
[Performance I] Checking if the codespace connection exists
[Performance I] Running in web, starting monitor without disposable
[RemoteExplorer I] Updating codespace performance info
[RemoteExplorer I] Updating codespace details
[Performance I] Executed get-performance-data using gRPC
[Performance I] Executed get-performance-data using gRPC
[Client:extension:81d9:resolver:resolve:1:background-tasks:activity-monitor:vscode-activity-provider V] sending activity heartbeat
[Client:extension:81d9:resolver:resolve:1:background-tasks:activity-monitor:vscode-activity-provider I] Executed notify-codespace-of-client-activity using gRPC
[Client:extension:81d9:resolver:resolve:1:background-tasks:activity-monitor:vscode-activity-provider I] Activity signal sent with result true
[Performance I] Executed get-performance-data using gRPC
[Performance I] Executed get-performance-data using gRPC
[Performance I] Executed get-performance-data using gRPC
[Client:extension:81d9:resolver:resolve:1:background-tasks:activity-monitor:vscode-activity-provider V] sending activity heartbeat
[Client:extension:81d9:resolver:resolve:1:background-tasks:activity-monitor:vscode-activity-provider I] Executed notify-codespace-of-client-activity using gRPC
[Client:extension:81d9:resolver:resolve:1:background-tasks:activity-monitor:vscode-activity-provider I] Activity signal sent with result true
[Performance I] Executed get-performance-data using gRPC
[Performance I] Executed get-performance-data using gRPC
[Client:extension:81d9:resolver:resolve:1:background-tasks:activity-monitor:vscode-activity-provider V] sending activity heartbeat
[Client:extension:81d9:resolver:resolve:1:background-tasks:activity-monitor:vscode-activity-provider I] Executed notify-codespace-of-client-activity using gRPC
[Client:extension:81d9:resolver:resolve:1:background-tasks:activity-monitor:vscode-activity-provider I] Activity signal sent with result true
[Performance I] Executed get-performance-data using gRPC
[Performance I] Executed get-performance-data using gRPC
[Performance I] Executed get-performance-data using gRPC
[Client:extension:81d9:resolver:resolve:1:background-tasks:activity-monitor:vscode-activity-provider V] sending activity heartbeat
[Client:extension:81d9:resolver:resolve:1:background-tasks:activity-monitor:vscode-activity-provider I] Executed notify-codespace-of-client-activity using gRPC
[Client:extension:81d9:resolver:resolve:1:background-tasks:activity-monitor:vscode-activity-provider I] Activity signal sent with result true
[Performance I] Executed get-performance-data using gRPC
[Performance I] Executed get-performance-data using gRPC
[Client:extension:81d9:resolver:resolve:1:background-tasks:activity-monitor:vscode-activity-provider V] sending activity heartbeat
[Client:extension:81d9:resolver:resolve:1:background-tasks:activity-monitor:vscode-activity-provider I] Executed notify-codespace-of-client-activity using gRPC
[Client:extension:81d9:resolver:resolve:1:background-tasks:activity-monitor:vscode-activity-provider I] Activity signal sent with result true
[Performance I] Executed get-performance-data using gRPC
[Performance I] Executed get-performance-data using gRPC
[Performance I] Executed get-performance-data using gRPC
[Performance I] Executed get-performance-data using gRPC
[Client:extension:81d9:resolver:resolve:1:background-tasks:activity-monitor:vscode-activity-provider V] sending activity heartbeat
[Client:extension:81d9:resolver:resolve:1:background-tasks:activity-monitor:vscode-activity-provider I] Executed notify-codespace-of-client-activity using gRPC
[Client:extension:81d9:resolver:resolve:1:background-tasks:activity-monitor:vscode-activity-provider I] Activity signal sent with result true
[Performance I] Executed get-performance-data using gRPC
[Performance I] Executed get-performance-data using gRPC
[Performance I] Executed get-performance-data using gRPC
[Client:extension:81d9:resolver:resolve:1:background-tasks:activity-monitor:vscode-activity-provider V] sending activity heartbeat
[Client:extension:81d9:resolver:resolve:1:background-tasks:activity-monitor:vscode-activity-provider I] Executed notify-codespace-of-client-activity using gRPC
[Client:extension:81d9:resolver:resolve:1:background-tasks:activity-monitor:vscode-activity-provider I] Activity signal sent with result true
[Performance I] Executed get-performance-data using gRPC
[Performance I] Executed get-performance-data using gRPC
[Performance I] Executed get-performance-data using gRPC
[Client:extension:81d9:resolver:resolve:1:background-tasks:activity-monitor:vscode-activity-provider V] sending activity heartbeat
[Client:extension:81d9:resolver:resolve:1:background-tasks:activity-monitor:vscode-activity-provider I] Executed notify-codespace-of-client-activity using gRPC
[Client:extension:81d9:resolver:resolve:1:background-tasks:activity-monitor:vscode-activity-provider I] Activity signal sent with result true
[Client:extension:81d9:resolver I] Received event: DevContainerConfigChanged
[Client:extension:81d9:resolver:resolve:1:background-tasks I] asking user if they want to rebuild> object #0: "Rebuild Now"
[Performance I] Executed get-performance-data using gRPC
[Client:extension:81d9:resolver I] Received event: DevContainerConfigChanged
[Performance I] Executed get-performance-data using gRPC
[Performance I] Executed get-performance-data using gRPC
[Performance I] Executed get-performance-data using gRPC
[Performance I] Executed get-performance-data using gRPC
[Performance I] Executed get-performance-data using gRPC
[Performance I] Executed get-performance-data using gRPC
[Performance I] Executed get-performance-data using gRPC
[Client:extension:81d9:resolver I] Received event: DevContainerConfigChanged
[Client:extension:81d9:resolver I] Received event: DevContainerConfigChanged
[Client:extension:81d9:resolver:resolve:1:background-tasks:activity-monitor:vscode-activity-provider V] sending activity heartbeat
[Client:extension:81d9:resolver:resolve:1:background-tasks:activity-monitor:vscode-activity-provider I] Executed notify-codespace-of-client-activity using gRPC
[Client:extension:81d9:resolver:resolve:1:background-tasks:activity-monitor:vscode-activity-provider I] Activity signal sent with result true
[Client:extension:81d9:resolver I] Received event: DevContainerConfigChanged
[Performance I] Executed get-performance-data using gRPC
[Performance I] Executed get-performance-data using gRPC
[Performance I] Executed get-performance-data using gRPC
[Performance I] Executed get-performance-data using gRPC
[Performance I] Executed get-performance-data using gRPC
[Performance I] Executed get-performance-data using gRPC
[Client:extension:81d9:resolver:resolve:1:background-tasks:activity-monitor:vscode-activity-provider V] sending activity heartbeat
[Client:extension:81d9:resolver:resolve:1:background-tasks:activity-monitor:vscode-activity-provider I] Executed notify-codespace-of-client-activity using gRPC
[Client:extension:81d9:resolver:resolve:1:background-tasks:activity-monitor:vscode-activity-provider I] Activity signal sent with result true
[Performance I] Executed get-performance-data using gRPC
[Performance I] Executed get-performance-data using gRPC
[Performance I] Executed get-performance-data using gRPC
[Performance I] Executed get-performance-data using gRPC
[Client:extension:81d9:resolver:resolve:1:background-tasks:activity-monitor:vscode-activity-provider V] sending activity heartbeat
[Client:extension:81d9:resolver:resolve:1:background-tasks:activity-monitor:vscode-activity-provider I] Executed notify-codespace-of-client-activity using gRPC
[Client:extension:81d9:resolver:resolve:1:background-tasks:activity-monitor:vscode-activity-provider I] Activity signal sent with result true
[Client:extension:81d9:resolver I] Received event: DevContainerConfigChanged
[Client:extension:81d9:resolver I] Received event: DevContainerConfigChanged
[Client:extension:81d9:resolver I] Received event: DevContainerConfigChanged
[Client:extension:81d9:resolver I] Received event: DevContainerConfigChanged
[Client:extension:81d9:resolver I] Received event: DevContainerConfigChanged
[Client:extension:81d9:resolver I] Received event: DevContainerConfigChanged
[Client:extension:81d9:resolver I] Received event: DevContainerConfigChanged
[Client:extension:81d9:resolver I] Received event: DevContainerConfigChanged
[Client:extension:81d9:resolver I] Received event: DevContainerConfigChanged
[Client:extension:81d9:resolver I] Received event: DevContainerConfigChanged
[Performance I] Executed get-performance-data using gRPC
[Client:extension:81d9:resolver I] Received event: DevContainerConfigChanged
[Client:extension:81d9:resolver I] Received event: DevContainerConfigChanged
[Client:extension:81d9:resolver I] Received event: DevContainerConfigChanged
[Client:extension:81d9:resolver I] Received event: DevContainerConfigChanged
[Client:extension:81d9:resolver I] Received event: DevContainerConfigChanged
[Client:extension:81d9:resolver I] Received event: DevContainerConfigChanged
[Performance I] Executed get-performance-data using gRPC
[Client:extension:81d9:resolver:resolve:1:background-tasks:activity-monitor:vscode-activity-provider V] sending activity heartbeat
[Client:extension:81d9:resolver:resolve:1:background-tasks:activity-monitor:vscode-activity-provider I] Executed notify-codespace-of-client-activity using gRPC
[Client:extension:81d9:resolver:resolve:1:background-tasks:activity-monitor:vscode-activity-provider I] Activity signal sent with result true
[Performance I] Executed get-performance-data using gRPC
[Performance I] Executed get-performance-data using gRPC
[Performance I] Executed get-performance-data using gRPC
[Performance I] Executed get-performance-data using gRPC
[Client:extension:81d9:resolver:resolve:1:background-tasks:activity-monitor:vscode-activity-provider V] sending activity heartbeat
[Client:extension:81d9:resolver:resolve:1:background-tasks:activity-monitor:vscode-activity-provider I] Executed notify-codespace-of-client-activity using gRPC
[Client:extension:81d9:resolver:resolve:1:background-tasks:activity-monitor:vscode-activity-provider I] Activity signal sent with result true
[Performance I] Executed get-performance-data using gRPC
[Performance I] Executed get-performance-data using gRPC
[Client:extension:81d9:resolver:resolve:1:background-tasks:activity-monitor:vscode-activity-provider V] sending activity heartbeat
[Client:extension:81d9:resolver:resolve:1:background-tasks:activity-monitor:vscode-activity-provider I] Executed notify-codespace-of-client-activity using gRPC
[Client:extension:81d9:resolver:resolve:1:background-tasks:activity-monitor:vscode-activity-provider I] Activity signal sent with result true
[Performance I] Executed get-performance-data using gRPC
[Performance I] Executed get-performance-data using gRPC
[Performance I] Executed get-performance-data using gRPC
[Performance I] Executed get-performance-data using gRPC
[Client:extension:81d9:resolver:resolve:1:background-tasks:activity-monitor:vscode-activity-provider V] sending activity heartbeat
[Client:extension:81d9:resolver:resolve:1:background-tasks:activity-monitor:vscode-activity-provider I] Executed notify-codespace-of-client-activity using gRPC
[Client:extension:81d9:resolver:resolve:1:background-tasks:activity-monitor:vscode-activity-provider I] Activity signal sent with result true
[Performance I] Executed get-performance-data using gRPC
[Performance I] Executed get-performance-data using gRPC
[Performance I] Executed get-performance-data using gRPC
[Client:extension:81d9:resolver:resolve:1:background-tasks:activity-monitor:vscode-activity-provider V] sending activity heartbeat
[Client:extension:81d9:resolver:resolve:1:background-tasks:activity-monitor:vscode-activity-provider I] Executed notify-codespace-of-client-activity using gRPC
[Client:extension:81d9:resolver:resolve:1:background-tasks:activity-monitor:vscode-activity-provider I] Activity signal sent with result true
[Performance I] Executed get-performance-data using gRPC
[Client:extension:81d9:resolver I] Received event: DevContainerConfigChanged
[Client:extension:81d9:resolver I] Received event: DevContainerConfigChanged
[Client:extension:81d9:resolver I] Received event: DevContainerConfigChanged
[Performance I] Executed get-performance-data using gRPC
[Performance I] Executed get-performance-data using gRPC
[Client:extension:81d9:resolver:resolve:1:background-tasks:activity-monitor:vscode-activity-provider V] sending activity heartbeat
[Client:extension:81d9:resolver:resolve:1:background-tasks:activity-monitor:vscode-activity-provider I] Executed notify-codespace-of-client-activity using gRPC
[Client:extension:81d9:resolver:resolve:1:background-tasks:activity-monitor:vscode-activity-provider I] Activity signal sent with result true
[Performance I] Executed get-performance-data using gRPC
[Performance I] Executed get-performance-data using gRPC
[Performance I] Executed get-performance-data using gRPC
[Client:extension:81d9:resolver:resolve:1:background-tasks:activity-monitor:vscode-activity-provider V] sending activity heartbeat
[Client:extension:81d9:resolver:resolve:1:background-tasks:activity-monitor:vscode-activity-provider I] Executed notify-codespace-of-client-activity using gRPC
[Client:extension:81d9:resolver:resolve:1:background-tasks:activity-monitor:vscode-activity-provider I] Activity signal sent with result true
[Performance I] Executed get-performance-data using gRPC
[Performance I] Executed get-performance-data using gRPC
[Client:extension:81d9:resolver:resolve:1:background-tasks:activity-monitor:vscode-activity-provider V] sending activity heartbeat
[Client:extension:81d9:resolver:resolve:1:background-tasks:activity-monitor:vscode-activity-provider I] Executed notify-codespace-of-client-activity using gRPC
[Client:extension:81d9:resolver:resolve:1:background-tasks:activity-monitor:vscode-activity-provider I] Activity signal sent with result true
[Performance I] Executed get-performance-data using gRPC
[Performance I] Executed get-performance-data using gRPC
[Client:extension:81d9:resolver I] Received event: DevContainerConfigChanged
[Client:extension:81d9:resolver I] Received event: DevContainerConfigChanged
[Client:extension:81d9:resolver I] Received event: DevContainerConfigChanged
[Client:extension:81d9:resolver I] Received event: DevContainerConfigChanged
