
# From /workspaces/.codespaces/.persistedshare/creation.log

2025-02-23 21:26:26.367Z: Host information
2025-02-23 21:26:26.367Z: ----------------
2025-02-23 21:26:26.367Z: OS: Ubuntu 22.04.5 LTS (stable release)
2025-02-23 21:26:26.367Z: Image details: https://github.com/github/codespaces-host-images/blob/main/README.md
2025-02-23 21:26:26.367Z: ----------------

=================================================================================
2025-02-23 21:26:26.369Z: Configuration starting...
2025-02-23 21:26:26.376Z: Cloning...

=================================================================================
2025-02-23 21:26:26.405Z: Creating container...
2025-02-23 21:26:26.439Z: $ devcontainer up --id-label Type=codespaces --workspace-folder /var/lib/docker/codespacemount/workspace/BBM104 --mount type=bind,source=/.codespaces/agent/mount/cache,target=/vscode --user-data-folder /var/lib/docker/codespacemount/.persistedshare --container-data-folder .vscode-remote/data/Machine --container-system-data-folder /var/vscode-remote --log-level trace --log-format json --update-remote-user-uid-default never --mount-workspace-git-root false --omit-config-remote-env-from-metadata --skip-non-blocking-commands --skip-post-create --remove-existing-container --config "/var/lib/docker/codespacemount/workspace/BBM104/.devcontainer/devcontainer.json" --override-config /root/.codespaces/shared/merged_devcontainer.json --default-user-env-probe loginInteractiveShell --container-session-data-folder /workspaces/.codespaces/.persistedshare/devcontainers-cli/cache --secrets-file /root/.codespaces/shared/user-secrets-envs.json
2025-02-23 21:26:26.637Z: @devcontainers/cli 0.68.0. Node.js v18.20.6. linux 6.5.0-1025-azure x64.
2025-02-23 21:26:28.424Z: $ docker buildx build --load --build-arg BUILDKIT_INLINE_CACHE=1 -f /tmp/devcontainercli-root/container-features/0.68.0-1740345988421/Dockerfile-with-features -t vsc-bbm104-6a7e1cf73cf5258747cd1967453bbbebaea810945fb921edb5947afb4ed38c90 --target dev_containers_target_stage --build-arg _DEV_CONTAINERS_BASE_IMAGE=dev_container_auto_added_stage_label /var/lib/docker/codespacemount/workspace/BBM104
2025-02-23 21:26:28.936Z: #0 building with "default" instance using docker driver

#1 [internal] load .dockerignore
2025-02-23 21:26:28.937Z: #1 transferring context: 2B done
#1 DONE 0.0s

#2 [internal] load build definition from Dockerfile-with-features
#2 transferring dockerfile: 1.52kB done
#2 DONE 0.0s

#3 [internal] load metadata for docker.io/rocker/r-ver:4.4.2
2025-02-23 21:26:29.185Z: #3 ...

#4 [auth] rocker/r-ver:pull token for registry-1.docker.io
#4 DONE 0.0s
2025-02-23 21:26:29.335Z: 
#3 [internal] load metadata for docker.io/rocker/r-ver:4.4.2
2025-02-23 21:26:29.879Z: #3 DONE 1.1s2025-02-23 21:26:29.880Z: 
2025-02-23 21:26:30.020Z: 
#5 [dev_container_auto_added_stage_label 1/4] FROM docker.io/rocker/r-ver:4.4.2@sha256:563ee0405fe9cd806465bbed7a9240b7778ce5a06cf6abe5313447b25418d5242025-02-23 21:26:30.020Z: 
#5 resolve docker.io/rocker/r-ver:4.4.2@sha256:563ee0405fe9cd806465bbed7a9240b7778ce5a06cf6abe5313447b25418d524 0.0s done
#5 sha256:54a5b494a5294f819938bead207210a6ca754b01138bce0e05e4c461c7b0eda5 1.63kB / 1.63kB done
#5 sha256:563ee0405fe9cd806465bbed7a9240b7778ce5a06cf6abe5313447b25418d524 1.61kB / 1.61kB done
#5 sha256:5a7813e071bfadf18aaa6ca8318be4824a9b6297b3240f2cc84c1db6f4113040 0B / 29.75MB 0.1s
#5 sha256:619d6b2dbf391df5086ca4150c1d560840f2d136f84e0cb1a7eaa47730a0b678 0B / 1.86kB 0.1s
#5 sha256:98b4444c3e59cf844097fd83f23c5871eefa7192c9bdfb16360819d44cf41d62 0B / 310.47MB 0.1s
#5 sha256:3aa60b830692333feb51e483ff5fe848f476747aba032260d4d662d79d22850a 6.63kB / 6.63kB done
2025-02-23 21:26:30.121Z: #5 sha256:5a7813e071bfadf18aaa6ca8318be4824a9b6297b3240f2cc84c1db6f4113040 12.58MB / 29.75MB 0.2s
2025-02-23 21:26:30.320Z: #5 sha256:5a7813e071bfadf18aaa6ca8318be4824a9b6297b3240f2cc84c1db6f4113040 29.75MB / 29.75MB 0.4s
#5 sha256:619d6b2dbf391df5086ca4150c1d560840f2d136f84e0cb1a7eaa47730a0b678 1.86kB / 1.86kB 0.2s done
#5 sha256:5fa970fe3a02f44f436da8f9bff5221ecd4beae0972419070fe27d6b076872fc 2.83kB / 2.83kB 0.4s
2025-02-23 21:26:30.424Z: #5 sha256:98b4444c3e59cf844097fd83f23c5871eefa7192c9bdfb16360819d44cf41d62 18.87MB / 310.47MB 0.5s2025-02-23 21:26:30.424Z: 
2025-02-23 21:26:30.608Z: #5 sha256:5a7813e071bfadf18aaa6ca8318be4824a9b6297b3240f2cc84c1db6f4113040 29.75MB / 29.75MB 0.5s done2025-02-23 21:26:30.608Z: 
#5 sha256:5fa970fe3a02f44f436da8f9bff5221ecd4beae0972419070fe27d6b076872fc 2.83kB / 2.83kB 0.5s done
#5 extracting sha256:5a7813e071bfadf18aaa6ca8318be4824a9b6297b3240f2cc84c1db6f4113040 0.1s
#5 sha256:c431a6837342ec8c4aedf8e4dc2f2f123dbc996404347b63799cb113649708df 0B / 28.49MB 0.6s
#5 sha256:4927158e7cb86741814c82d851c8450bdf71f5df6e9677d9e85a7f18865d3610 0B / 1.54kB 0.6s
2025-02-23 21:26:30.714Z: #5 sha256:c431a6837342ec8c4aedf8e4dc2f2f123dbc996404347b63799cb113649708df 8.39MB / 28.49MB 0.7s
#5 sha256:4927158e7cb86741814c82d851c8450bdf71f5df6e9677d9e85a7f18865d3610 1.54kB / 1.54kB 0.7s done
#5 sha256:8827c96cb983f222435ed367719320d629d47680e7e813b58a30722332602b37 0B / 20.05kB 0.7s
2025-02-23 21:26:30.819Z: #5 sha256:98b4444c3e59cf844097fd83f23c5871eefa7192c9bdfb16360819d44cf41d62 39.85MB / 310.47MB 0.8s2025-02-23 21:26:30.820Z: 
#5 sha256:c431a6837342ec8c4aedf8e4dc2f2f123dbc996404347b63799cb113649708df 26.21MB / 28.49MB 0.8s
#5 sha256:8827c96cb983f222435ed367719320d629d47680e7e813b58a30722332602b37 20.05kB / 20.05kB 0.8s done
2025-02-23 21:26:30.922Z: #5 sha256:98b4444c3e59cf844097fd83f23c5871eefa7192c9bdfb16360819d44cf41d62 63.96MB / 310.47MB 1.0s2025-02-23 21:26:30.922Z: 
#5 sha256:c431a6837342ec8c4aedf8e4dc2f2f123dbc996404347b63799cb113649708df 28.49MB / 28.49MB 1.0s
2025-02-23 21:26:31.029Z: #5 sha256:c431a6837342ec8c4aedf8e4dc2f2f123dbc996404347b63799cb113649708df 28.49MB / 28.49MB 1.1s done
2025-02-23 21:26:31.134Z: #5 sha256:98b4444c3e59cf844097fd83f23c5871eefa7192c9bdfb16360819d44cf41d62 86.38MB / 310.47MB 1.2s2025-02-23 21:26:31.135Z: 
2025-02-23 21:26:31.519Z: #5 sha256:98b4444c3e59cf844097fd83f23c5871eefa7192c9bdfb16360819d44cf41d62 120.59MB / 310.47MB 1.6s
2025-02-23 21:26:31.621Z: #5 extracting sha256:5a7813e071bfadf18aaa6ca8318be4824a9b6297b3240f2cc84c1db6f4113040 1.0s done
#5 extracting sha256:619d6b2dbf391df5086ca4150c1d560840f2d136f84e0cb1a7eaa47730a0b678 done
2025-02-23 21:26:31.824Z: #5 sha256:98b4444c3e59cf844097fd83f23c5871eefa7192c9bdfb16360819d44cf41d62 145.75MB / 310.47MB 1.9s
2025-02-23 21:26:32.020Z: #5 sha256:98b4444c3e59cf844097fd83f23c5871eefa7192c9bdfb16360819d44cf41d62 171.97MB / 310.47MB 2.1s
2025-02-23 21:26:32.319Z: #5 sha256:98b4444c3e59cf844097fd83f23c5871eefa7192c9bdfb16360819d44cf41d62 188.74MB / 310.47MB 2.4s
2025-02-23 21:26:32.821Z: #5 sha256:98b4444c3e59cf844097fd83f23c5871eefa7192c9bdfb16360819d44cf41d62 214.96MB / 310.47MB 2.9s
2025-02-23 21:26:33.123Z: #5 sha256:98b4444c3e59cf844097fd83f23c5871eefa7192c9bdfb16360819d44cf41d62 240.12MB / 310.47MB 3.2s
2025-02-23 21:26:33.422Z: #5 sha256:98b4444c3e59cf844097fd83f23c5871eefa7192c9bdfb16360819d44cf41d62 259.00MB / 310.47MB 3.5s
2025-02-23 21:26:33.820Z: #5 sha256:98b4444c3e59cf844097fd83f23c5871eefa7192c9bdfb16360819d44cf41d62 274.73MB / 310.47MB 3.9s
2025-02-23 21:26:34.019Z: #5 sha256:98b4444c3e59cf844097fd83f23c5871eefa7192c9bdfb16360819d44cf41d62 299.92MB / 310.47MB 4.1s
2025-02-23 21:26:35.516Z: #5 sha256:98b4444c3e59cf844097fd83f23c5871eefa7192c9bdfb16360819d44cf41d62 310.47MB / 310.47MB 5.4s done
#5 extracting sha256:98b4444c3e59cf844097fd83f23c5871eefa7192c9bdfb16360819d44cf41d62 0.1s
2025-02-23 21:26:40.548Z: #5 extracting sha256:98b4444c3e59cf844097fd83f23c5871eefa7192c9bdfb16360819d44cf41d62 5.2s
2025-02-23 21:26:43.269Z: #5 extracting sha256:98b4444c3e59cf844097fd83f23c5871eefa7192c9bdfb16360819d44cf41d62 7.7s done
2025-02-23 21:26:46.304Z: #5 extracting sha256:5fa970fe3a02f44f436da8f9bff5221ecd4beae0972419070fe27d6b076872fc
2025-02-23 21:26:46.476Z: #5 extracting sha256:5fa970fe3a02f44f436da8f9bff5221ecd4beae0972419070fe27d6b076872fc done
#5 extracting sha256:4927158e7cb86741814c82d851c8450bdf71f5df6e9677d9e85a7f18865d3610 done2025-02-23 21:26:46.476Z: 
#5 extracting sha256:c431a6837342ec8c4aedf8e4dc2f2f123dbc996404347b63799cb113649708df 0.1s
2025-02-23 21:26:47.735Z: #5 extracting sha256:c431a6837342ec8c4aedf8e4dc2f2f123dbc996404347b63799cb113649708df 1.4s done2025-02-23 21:26:47.735Z: 
2025-02-23 21:26:48.457Z: #5 extracting sha256:8827c96cb983f222435ed367719320d629d47680e7e813b58a30722332602b37
2025-02-23 21:26:48.608Z: #5 extracting sha256:8827c96cb983f222435ed367719320d629d47680e7e813b58a30722332602b37 done
2025-02-23 21:26:49.015Z: #5 DONE 19.1s2025-02-23 21:26:49.015Z: 
2025-02-23 21:26:49.164Z: 
#6 [dev_container_auto_added_stage_label 2/4] RUN apt-get update && apt-get install -y python3 python3-pip python3-venv
2025-02-23 21:26:50.236Z: #6 1.237 Get:1 http://archive.ubuntu.com/ubuntu noble InRelease [256 kB]
2025-02-23 21:26:50.389Z: #6 1.248 Get:2 http://archive.ubuntu.com/ubuntu noble-updates InRelease [126 kB]2025-02-23 21:26:50.389Z: 
#6 1.249 Get:3 http://archive.ubuntu.com/ubuntu noble-backports InRelease [126 kB]
#6 1.299 Get:4 http://archive.ubuntu.com/ubuntu noble/universe amd64 Packages [19.3 MB]
#6 1.390 Get:5 http://security.ubuntu.com/ubuntu noble-security InRelease [126 kB]
2025-02-23 21:26:50.604Z: #6 1.423 Get:6 http://archive.ubuntu.com/ubuntu noble/multiverse amd64 Packages [331 kB]
#6 1.425 Get:7 http://archive.ubuntu.com/ubuntu noble/main amd64 Packages [1,808 kB]2025-02-23 21:26:50.606Z: 
#6 1.435 Get:8 http://archive.ubuntu.com/ubuntu noble/restricted amd64 Packages [117 kB]
#6 1.436 Get:9 http://archive.ubuntu.com/ubuntu noble-updates/restricted amd64 Packages [828 kB]
#6 1.441 Get:10 http://archive.ubuntu.com/ubuntu noble-updates/universe amd64 Packages [1,318 kB]
#6 1.448 Get:11 http://archive.ubuntu.com/ubuntu noble-updates/main amd64 Packages [1,100 kB]
#6 1.454 Get:12 http://archive.ubuntu.com/ubuntu noble-updates/multiverse amd64 Packages [20.1 kB]
#6 1.454 Get:13 http://archive.ubuntu.com/ubuntu noble-backports/universe amd64 Packages [16.0 kB]
2025-02-23 21:26:50.769Z: #6 1.770 Get:14 http://security.ubuntu.com/ubuntu noble-security/restricted amd64 Packages [789 kB]
2025-02-23 21:26:51.074Z: #6 2.075 Get:15 http://security.ubuntu.com/ubuntu noble-security/universe amd64 Packages [1,039 kB]2025-02-23 21:26:51.076Z: 
2025-02-23 21:26:51.313Z: #6 2.163 Get:16 http://security.ubuntu.com/ubuntu noble-security/multiverse amd64 Packages [15.5 kB]
#6 2.163 Get:17 http://security.ubuntu.com/ubuntu noble-security/main amd64 Packages [778 kB]
2025-02-23 21:26:51.388Z: #6 2.388 Fetched 28.1 MB in 1s (24.2 MB/s)
#6 2.388 Reading package lists...2025-02-23 21:26:52.110Z: 
2025-02-23 21:26:52.277Z: #6 3.127 Reading package lists...2025-02-23 21:26:52.804Z: 
2025-02-23 21:26:52.943Z: #6 3.817 Building dependency tree...2025-02-23 21:26:52.943Z: 
#6 3.943 Reading state information...2025-02-23 21:26:53.090Z: 
#6 4.090 The following additional packages will be installed:
2025-02-23 21:26:53.205Z: #6 4.091   build-essential bzip2 dirmngr dpkg-dev fakeroot gnupg gnupg-l10n gnupg-utils
2025-02-23 21:26:53.206Z: #6 4.091   gpg gpg-agent gpg-wks-client gpgconf gpgsm keyboxd libalgorithm-diff-perl
#6 4.091   libalgorithm-diff-xs-perl libalgorithm-merge-perl libdpkg-perl libexpat1-dev
#6 4.091   libfakeroot libfile-fcntllock-perl libgdbm-compat4t64 libgdbm6t64 libksba8
#6 4.091   liblocale-gettext-perl libperl5.38t64 libpython3-dev libpython3-stdlib
#6 4.091   libpython3.12-dev libpython3.12-minimal libpython3.12-stdlib
#6 4.093   libpython3.12t64 libsqlite3-0 lto-disabled-list media-types netbase patch
#6 4.093   perl perl-modules-5.38 pinentry-curses python3-dev python3-minimal
#6 4.093   python3-pip-whl python3-pkg-resources python3-setuptools
#6 4.093   python3-setuptools-whl python3-wheel python3.12 python3.12-dev
#6 4.093   python3.12-minimal python3.12-venv xz-utils zlib1g-dev
#6 4.093 Suggested packages:
#6 4.093   bzip2-doc dbus-user-session libpam-systemd pinentry-gnome3 tor
#6 4.093   debian-keyring parcimonie xloadimage gpg-wks-server scdaemon git bzr
#6 4.093   gdbm-l10n ed diffutils-doc perl-doc libterm-readline-gnu-perl
#6 4.093   | libterm-readline-perl-perl libtap-harness-archive-perl pinentry-doc
#6 4.093   python3-doc python3-tk python-setuptools-doc python3.12-doc binfmt-support
#6 4.179 The following NEW packages will be installed:
#6 4.179   build-essential bzip2 dirmngr dpkg-dev fakeroot gnupg gnupg-l10n gnupg-utils
#6 4.179   gpg gpg-agent gpg-wks-client gpgconf gpgsm keyboxd libalgorithm-diff-perl
#6 4.179   libalgorithm-diff-xs-perl libalgorithm-merge-perl libdpkg-perl libexpat1-dev
#6 4.179   libfakeroot libfile-fcntllock-perl libgdbm-compat4t64 libgdbm6t64 libksba8
#6 4.179   liblocale-gettext-perl libperl5.38t64 libpython3-dev libpython3-stdlib2025-02-23 21:26:53.206Z: 
#6 4.179   libpython3.12-dev libpython3.12-minimal libpython3.12-stdlib
#6 4.180   libpython3.12t64 libsqlite3-0 lto-disabled-list media-types netbase patch
#6 4.180   perl perl-modules-5.38 pinentry-curses python3 python3-dev python3-minimal
#6 4.180   python3-pip python3-pip-whl python3-pkg-resources python3-setuptools
#6 4.180   python3-setuptools-whl python3-venv python3-wheel python3.12 python3.12-dev
#6 4.180   python3.12-minimal python3.12-venv xz-utils zlib1g-dev
#6 4.206 0 upgraded, 56 newly installed, 0 to remove and 13 not upgraded.
2025-02-23 21:26:53.208Z: #6 4.206 Need to get 34.0 MB of archives.
#6 4.206 After this operation, 143 MB of additional disk space will be used.
#6 4.206 Get:1 http://archive.ubuntu.com/ubuntu noble/main amd64 liblocale-gettext-perl amd64 1.07-6ubuntu5 [15.8 kB]
2025-02-23 21:26:53.311Z: #6 4.211 Get:2 http://archive.ubuntu.com/ubuntu noble-updates/main amd64 libpython3.12-minimal amd64 3.12.3-1ubuntu0.5 [835 kB]
#6 4.219 Get:3 http://archive.ubuntu.com/ubuntu noble-updates/main amd64 python3.12-minimal amd64 3.12.3-1ubuntu0.5 [2,342 kB]
#6 4.235 Get:4 http://archive.ubuntu.com/ubuntu noble-updates/main amd64 python3-minimal amd64 3.12.3-0ubuntu2 [27.4 kB]
#6 4.235 Get:5 http://archive.ubuntu.com/ubuntu noble/main amd64 media-types all 10.1.0 [27.5 kB]
#6 4.235 Get:6 http://archive.ubuntu.com/ubuntu noble/main amd64 netbase all 6.4 [13.1 kB]
#6 4.236 Get:7 http://archive.ubuntu.com/ubuntu noble-updates/main amd64 libsqlite3-0 amd64 3.45.1-1ubuntu2.1 [701 kB]
#6 4.240 Get:8 http://archive.ubuntu.com/ubuntu noble-updates/main amd64 libpython3.12-stdlib amd64 3.12.3-1ubuntu0.5 [2,069 kB]
#6 4.254 Get:9 http://archive.ubuntu.com/ubuntu noble-updates/main amd64 python3.12 amd64 3.12.3-1ubuntu0.5 [651 kB]
#6 4.258 Get:10 http://archive.ubuntu.com/ubuntu noble-updates/main amd64 libpython3-stdlib amd64 3.12.3-0ubuntu2 [10.0 kB]
#6 4.258 Get:11 http://archive.ubuntu.com/ubuntu noble-updates/main amd64 python3 amd64 3.12.3-0ubuntu2 [23.0 kB]
#6 4.258 Get:12 http://archive.ubuntu.com/ubuntu noble-updates/main amd64 perl-modules-5.38 all 5.38.2-3.2build2.1 [3,110 kB]
#6 4.279 Get:13 http://archive.ubuntu.com/ubuntu noble/main amd64 libgdbm6t64 amd64 1.23-5.1build1 [34.4 kB]
#6 4.279 Get:14 http://archive.ubuntu.com/ubuntu noble/main amd64 libgdbm-compat4t64 amd64 1.23-5.1build1 [6,710 B]
#6 4.279 Get:15 http://archive.ubuntu.com/ubuntu noble-updates/main amd64 libperl5.38t64 amd64 5.38.2-3.2build2.1 [4,867 kB]
#6 4.311 Get:16 http://archive.ubuntu.com/ubuntu noble-updates/main amd64 perl amd64 5.38.2-3.2build2.1 [231 kB]
#6 4.311 Get:17 http://archive.ubuntu.com/ubuntu noble-updates/main amd64 python3-pkg-resources all 68.1.2-2ubuntu1.1 [168 kB]
2025-02-23 21:26:53.414Z: #6 4.312 Get:18 http://archive.ubuntu.com/ubuntu noble-updates/main amd64 xz-utils amd64 5.6.1+really5.4.5-1build0.1 [267 kB]2025-02-23 21:26:53.414Z: 
2025-02-23 21:26:53.414Z: #6 4.315 Get:19 http://archive.ubuntu.com/ubuntu noble-updates/main amd64 libdpkg-perl all 1.22.6ubuntu6.1 [269 kB]2025-02-23 21:26:53.414Z: 
2025-02-23 21:26:53.414Z: #6 4.317 Get:20 http://archive.ubuntu.com/ubuntu noble-updates/main amd64 bzip2 amd64 1.0.8-5.1build0.1 [34.5 kB]2025-02-23 21:26:53.414Z: 
2025-02-23 21:26:53.415Z: #6 4.318 Get:21 http://archive.ubuntu.com/ubuntu noble/main amd64 patch amd64 2.7.6-7build3 [104 kB]2025-02-23 21:26:53.416Z: 
2025-02-23 21:26:53.417Z: #6 4.318 Get:22 http://archive.ubuntu.com/ubuntu noble/main amd64 lto-disabled-list all 47 [12.4 kB]2025-02-23 21:26:53.426Z: 
2025-02-23 21:26:53.426Z: #6 4.319 Get:23 http://archive.ubuntu.com/ubuntu noble-updates/main amd64 dpkg-dev all 1.22.6ubuntu6.1 [1,074 kB]2025-02-23 21:26:53.426Z: 
2025-02-23 21:26:53.427Z: #6 4.326 Get:24 http://archive.ubuntu.com/ubuntu noble/main amd64 build-essential amd64 12.10ubuntu1 [4,928 B]2025-02-23 21:26:53.427Z: 
2025-02-23 21:26:53.427Z: #6 4.326 Get:25 http://archive.ubuntu.com/ubuntu noble/main amd64 gpgconf amd64 2.4.4-2ubuntu17 [103 kB]2025-02-23 21:26:53.427Z: 
2025-02-23 21:26:53.427Z: #6 4.327 Get:26 http://archive.ubuntu.com/ubuntu noble/main amd64 libksba8 amd64 1.6.6-1build1 [122 kB]2025-02-23 21:26:53.427Z: 
2025-02-23 21:26:53.427Z: #6 4.328 Get:27 http://archive.ubuntu.com/ubuntu noble/main amd64 dirmngr amd64 2.4.4-2ubuntu17 [323 kB]2025-02-23 21:26:53.427Z: 
2025-02-23 21:26:53.427Z: #6 4.331 Get:28 http://archive.ubuntu.com/ubuntu noble/main amd64 libfakeroot amd64 1.33-1 [32.4 kB]2025-02-23 21:26:53.427Z: 
2025-02-23 21:26:53.428Z: #6 4.331 Get:29 http://archive.ubuntu.com/ubuntu noble/main amd64 fakeroot amd64 1.33-1 [67.2 kB]2025-02-23 21:26:53.428Z: 
2025-02-23 21:26:53.428Z: #6 4.332 Get:30 http://archive.ubuntu.com/ubuntu noble/main amd64 gnupg-utils amd64 2.4.4-2ubuntu17 [108 kB]2025-02-23 21:26:53.428Z: 
2025-02-23 21:26:53.428Z: #6 4.333 Get:31 http://archive.ubuntu.com/ubuntu noble/main amd64 gpg amd64 2.4.4-2ubuntu17 [565 kB]2025-02-23 21:26:53.428Z: 
2025-02-23 21:26:53.428Z: #6 4.337 Get:32 http://archive.ubuntu.com/ubuntu noble/main amd64 pinentry-curses amd64 1.2.1-3ubuntu5 [35.2 kB]2025-02-23 21:26:53.428Z: 
2025-02-23 21:26:53.428Z: #6 4.337 Get:33 http://archive.ubuntu.com/ubuntu noble/main amd64 gpg-agent amd64 2.4.4-2ubuntu17 [227 kB]2025-02-23 21:26:53.428Z: 
2025-02-23 21:26:53.428Z: #6 4.339 Get:34 http://archive.ubuntu.com/ubuntu noble/main amd64 gpgsm amd64 2.4.4-2ubuntu17 [232 kB]2025-02-23 21:26:53.428Z: 
2025-02-23 21:26:53.428Z: #6 4.341 Get:35 http://archive.ubuntu.com/ubuntu noble/main amd64 keyboxd amd64 2.4.4-2ubuntu17 [78.3 kB]
#6 4.342 Get:36 http://archive.ubuntu.com/ubuntu noble/main amd64 gnupg all 2.4.4-2ubuntu17 [359 kB]
#6 4.344 Get:37 http://archive.ubuntu.com/ubuntu noble/main amd64 gnupg-l10n all 2.4.4-2ubuntu17 [65.9 kB]2025-02-23 21:26:53.429Z: 
#6 4.345 Get:38 http://archive.ubuntu.com/ubuntu noble/main amd64 gpg-wks-client amd64 2.4.4-2ubuntu17 [70.9 kB]
#6 4.346 Get:39 http://archive.ubuntu.com/ubuntu noble/main amd64 libalgorithm-diff-perl all 1.201-1 [41.8 kB]
#6 4.346 Get:40 http://archive.ubuntu.com/ubuntu noble/main amd64 libalgorithm-diff-xs-perl amd64 0.04-8build3 [11.2 kB]
#6 4.347 Get:41 http://archive.ubuntu.com/ubuntu noble/main amd64 libalgorithm-merge-perl all 0.08-5 [11.4 kB]2025-02-23 21:26:53.430Z: 
#6 4.347 Get:42 http://archive.ubuntu.com/ubuntu noble-updates/main amd64 libexpat1-dev amd64 2.6.1-2ubuntu0.2 [998 kB]
#6 4.354 Get:43 http://archive.ubuntu.com/ubuntu noble/main amd64 libfile-fcntllock-perl amd64 0.22-4ubuntu5 [30.7 kB]
#6 4.354 Get:44 http://archive.ubuntu.com/ubuntu noble-updates/main amd64 libpython3.12t64 amd64 3.12.3-1ubuntu0.5 [2,339 kB]
#6 4.369 Get:45 http://archive.ubuntu.com/ubuntu noble-updates/main amd64 zlib1g-dev amd64 1:1.3.dfsg-3.1ubuntu2.1 [894 kB]
#6 4.374 Get:46 http://archive.ubuntu.com/ubuntu noble-updates/main amd64 libpython3.12-dev amd64 3.12.3-1ubuntu0.5 [5,675 kB]
#6 4.409 Get:47 http://archive.ubuntu.com/ubuntu noble-updates/main amd64 libpython3-dev amd64 3.12.3-0ubuntu2 [10.3 kB]
#6 4.409 Get:48 http://archive.ubuntu.com/ubuntu noble-updates/main amd64 python3.12-dev amd64 3.12.3-1ubuntu0.5 [498 kB]
#6 4.413 Get:49 http://archive.ubuntu.com/ubuntu noble-updates/main amd64 python3-dev amd64 3.12.3-0ubuntu2 [26.7 kB]
2025-02-23 21:26:53.604Z: #6 4.414 Get:50 http://archive.ubuntu.com/ubuntu noble-updates/main amd64 python3-setuptools all 68.1.2-2ubuntu1.1 [396 kB]
#6 4.420 Get:51 http://archive.ubuntu.com/ubuntu noble/universe amd64 python3-wheel all 0.42.0-2 [53.1 kB]
#6 4.421 Get:52 http://archive.ubuntu.com/ubuntu noble-updates/universe amd64 python3-pip all 24.0+dfsg-1ubuntu1.1 [1,317 kB]
#6 4.436 Get:53 http://archive.ubuntu.com/ubuntu noble-updates/universe amd64 python3-pip-whl all 24.0+dfsg-1ubuntu1.1 [1,703 kB]
#6 4.449 Get:54 http://archive.ubuntu.com/ubuntu noble-updates/universe amd64 python3-setuptools-whl all 68.1.2-2ubuntu1.1 [716 kB]
#6 4.454 Get:55 http://archive.ubuntu.com/ubuntu noble-updates/universe amd64 python3.12-venv amd64 3.12.3-1ubuntu0.5 [5,678 B]
#6 4.454 Get:56 http://archive.ubuntu.com/ubuntu noble-updates/universe amd64 python3-venv amd64 3.12.3-0ubuntu2 [1,034 B]
2025-02-23 21:26:53.866Z: #6 4.867 debconf: delaying package configuration, since apt-utils is not installed
2025-02-23 21:26:53.994Z: #6 4.891 Fetched 34.0 MB in 0s (128 MB/s)2025-02-23 21:26:53.995Z: 
#6 4.909 Selecting previously unselected package liblocale-gettext-perl.

#6 4.909 (Reading database ... 
(Reading database ... 5%
(Reading database ... 10%
(Reading database ... 15%
(Reading database ... 20%
(Reading database ... 25%
(Reading database ... 30%
(Reading database ... 35%
(Reading database ... 40%
(Reading database ... 45%
(Reading database ... 50%
(Reading database ... 55%
(Reading database ... 60%
(Reading database ... 65%
(Reading database ... 70%
(Reading database ... 75%
(Reading database ... 80%
(Reading database ... 85%
(Reading database ... 90%
(Reading database ... 95%
(Reading database ... 100%
(Reading database ... 12381 files and directories currently installed.)

#6 4.923 Preparing to unpack .../liblocale-gettext-perl_1.07-6ubuntu5_amd64.deb ...

#6 4.924 Unpacking liblocale-gettext-perl (1.07-6ubuntu5) ...

#6 4.939 Selecting previously unselected package libpython3.12-minimal:amd64.

#6 4.940 Preparing to unpack .../libpython3.12-minimal_3.12.3-1ubuntu0.5_amd64.deb ...

#6 4.942 Unpacking libpython3.12-minimal:amd64 (3.12.3-1ubuntu0.5) ...

#6 4.995 Selecting previously unselected package python3.12-minimal.

2025-02-23 21:26:54.239Z: #6 4.997 Preparing to unpack .../python3.12-minimal_3.12.3-1ubuntu0.5_amd64.deb ...
2025-02-23 21:26:54.240Z: 
#6 5.004 Unpacking python3.12-minimal (3.12.3-1ubuntu0.5) ...

#6 5.084 Setting up libpython3.12-minimal:amd64 (3.12.3-1ubuntu0.5) ...

#6 5.089 Setting up python3.12-minimal (3.12.3-1ubuntu0.5) ...

2025-02-23 21:26:54.797Z: #6 5.798 Selecting previously unselected package python3-minimal.

#6 5.798 (Reading database ... 
2025-02-23 21:26:54.954Z: (Reading database ... 5%
(Reading database ... 10%
(Reading database ... 15%
(Reading database ... 20%
(Reading database ... 25%
(Reading database ... 30%
(Reading database ... 35%
(Reading database ... 40%
(Reading database ... 45%
(Reading database ... 50%
(Reading database ... 55%
(Reading database ... 60%
(Reading database ... 65%
(Reading database ... 70%
(Reading database ... 75%
(Reading database ... 80%
(Reading database ... 85%
(Reading database ... 90%
(Reading database ... 95%
(Reading database ... 100%
(Reading database ... 12704 files and directories currently installed.)
2025-02-23 21:26:54.955Z: 
#6 5.805 Preparing to unpack .../0-python3-minimal_3.12.3-0ubuntu2_amd64.deb ...

#6 5.807 Unpacking python3-minimal (3.12.3-0ubuntu2) ...

#6 5.822 Selecting previously unselected package media-types.

#6 5.823 Preparing to unpack .../1-media-types_10.1.0_all.deb ...

#6 5.824 Unpacking media-types (10.1.0) ...

#6 5.838 Selecting previously unselected package netbase.

#6 5.840 Preparing to unpack .../2-netbase_6.4_all.deb ...

#6 5.841 Unpacking netbase (6.4) ...

#6 5.855 Selecting previously unselected package libsqlite3-0:amd64.

#6 5.856 Preparing to unpack .../3-libsqlite3-0_3.45.1-1ubuntu2.1_amd64.deb ...

#6 5.859 Unpacking libsqlite3-0:amd64 (3.45.1-1ubuntu2.1) ...

#6 5.879 Selecting previously unselected package libpython3.12-stdlib:amd64.

#6 5.880 Preparing to unpack .../4-libpython3.12-stdlib_3.12.3-1ubuntu0.5_amd64.deb ...

#6 5.881 Unpacking libpython3.12-stdlib:amd64 (3.12.3-1ubuntu0.5) ...

#6 5.955 Selecting previously unselected package python3.12.

2025-02-23 21:26:55.129Z: #6 5.957 Preparing to unpack .../5-python3.12_3.12.3-1ubuntu0.5_amd64.deb ...

#6 5.959 Unpacking python3.12 (3.12.3-1ubuntu0.5) ...
2025-02-23 21:26:55.130Z: 
#6 5.974 Selecting previously unselected package libpython3-stdlib:amd64.

#6 5.975 Preparing to unpack .../6-libpython3-stdlib_3.12.3-0ubuntu2_amd64.deb ...

#6 5.977 Unpacking libpython3-stdlib:amd64 (3.12.3-0ubuntu2) ...

#6 5.996 Setting up python3-minimal (3.12.3-0ubuntu2) ...

#6 6.130 Selecting previously unselected package python3.

#6 6.130 (Reading database ... 
2025-02-23 21:26:55.309Z: (Reading database ... 5%
(Reading database ... 10%
(Reading database ... 15%
(Reading database ... 20%
(Reading database ... 25%
(Reading database ... 30%
(Reading database ... 35%
(Reading database ... 40%
(Reading database ... 45%
(Reading database ... 50%
(Reading database ... 55%
(Reading database ... 60%
(Reading database ... 65%
(Reading database ... 70%
(Reading database ... 75%
(Reading database ... 80%
(Reading database ... 85%
(Reading database ... 90%
(Reading database ... 95%
(Reading database ... 100%
(Reading database ... 13146 files and directories currently installed.)
2025-02-23 21:26:55.310Z: 
#6 6.139 Preparing to unpack .../00-python3_3.12.3-0ubuntu2_amd64.deb ...

#6 6.142 Unpacking python3 (3.12.3-0ubuntu2) ...

#6 6.157 Selecting previously unselected package perl-modules-5.38.

#6 6.158 Preparing to unpack .../01-perl-modules-5.38_5.38.2-3.2build2.1_all.deb ...

#6 6.160 Unpacking perl-modules-5.38 (5.38.2-3.2build2.1) ...

2025-02-23 21:26:55.907Z: #6 6.908 Selecting previously unselected package libgdbm6t64:amd64.

2025-02-23 21:26:56.096Z: #6 6.910 Preparing to unpack .../02-libgdbm6t64_1.23-5.1build1_amd64.deb ...

#6 6.911 Unpacking libgdbm6t64:amd64 (1.23-5.1build1) ...

#6 6.926 Selecting previously unselected package libgdbm-compat4t64:amd64.

#6 6.927 Preparing to unpack .../03-libgdbm-compat4t64_1.23-5.1build1_amd64.deb ...

#6 6.928 Unpacking libgdbm-compat4t64:amd64 (1.23-5.1build1) ...

#6 6.943 Selecting previously unselected package libperl5.38t64:amd64.

#6 6.944 Preparing to unpack .../04-libperl5.38t64_5.38.2-3.2build2.1_amd64.deb ...

#6 6.946 Unpacking libperl5.38t64:amd64 (5.38.2-3.2build2.1) ...

2025-02-23 21:26:56.098Z: #6 7.099 Selecting previously unselected package perl.

2025-02-23 21:26:56.212Z: #6 7.101 Preparing to unpack .../05-perl_5.38.2-3.2build2.1_amd64.deb ...

#6 7.106 Unpacking perl (5.38.2-3.2build2.1) ...

#6 7.126 Selecting previously unselected package python3-pkg-resources.

#6 7.127 Preparing to unpack .../06-python3-pkg-resources_68.1.2-2ubuntu1.1_all.deb ...

#6 7.128 Unpacking python3-pkg-resources (68.1.2-2ubuntu1.1) ...

#6 7.148 Selecting previously unselected package xz-utils.

#6 7.149 Preparing to unpack .../07-xz-utils_5.6.1+really5.4.5-1build0.1_amd64.deb ...

#6 7.151 Unpacking xz-utils (5.6.1+really5.4.5-1build0.1) ...

#6 7.168 Selecting previously unselected package libdpkg-perl.

#6 7.169 Preparing to unpack .../08-libdpkg-perl_1.22.6ubuntu6.1_all.deb ...

#6 7.171 Unpacking libdpkg-perl (1.22.6ubuntu6.1) ...

#6 7.196 Selecting previously unselected package bzip2.

#6 7.197 Preparing to unpack .../09-bzip2_1.0.8-5.1build0.1_amd64.deb ...

#6 7.198 Unpacking bzip2 (1.0.8-5.1build0.1) ...

#6 7.212 Selecting previously unselected package patch.

2025-02-23 21:26:56.325Z: #6 7.214 Preparing to unpack .../10-patch_2.7.6-7build3_amd64.deb ...
2025-02-23 21:26:56.325Z: 
#6 7.215 Unpacking patch (2.7.6-7build3) ...

#6 7.229 Selecting previously unselected package lto-disabled-list.

#6 7.231 Preparing to unpack .../11-lto-disabled-list_47_all.deb ...

#6 7.232 Unpacking lto-disabled-list (47) ...

#6 7.245 Selecting previously unselected package dpkg-dev.

#6 7.247 Preparing to unpack .../12-dpkg-dev_1.22.6ubuntu6.1_all.deb ...

#6 7.248 Unpacking dpkg-dev (1.22.6ubuntu6.1) ...

#6 7.274 Selecting previously unselected package build-essential.

#6 7.276 Preparing to unpack .../13-build-essential_12.10ubuntu1_amd64.deb ...

#6 7.277 Unpacking build-essential (12.10ubuntu1) ...

#6 7.289 Selecting previously unselected package gpgconf.

#6 7.291 Preparing to unpack .../14-gpgconf_2.4.4-2ubuntu17_amd64.deb ...

#6 7.292 Unpacking gpgconf (2.4.4-2ubuntu17) ...

#6 7.307 Selecting previously unselected package libksba8:amd64.

#6 7.308 Preparing to unpack .../15-libksba8_1.6.6-1build1_amd64.deb ...

#6 7.310 Unpacking libksba8:amd64 (1.6.6-1build1) ...

#6 7.325 Selecting previously unselected package dirmngr.

2025-02-23 21:26:56.430Z: #6 7.327 Preparing to unpack .../16-dirmngr_2.4.4-2ubuntu17_amd64.deb ...
2025-02-23 21:26:56.430Z: 
#6 7.341 Unpacking dirmngr (2.4.4-2ubuntu17) ...

#6 7.358 Selecting previously unselected package libfakeroot:amd64.

#6 7.360 Preparing to unpack .../17-libfakeroot_1.33-1_amd64.deb ...

#6 7.361 Unpacking libfakeroot:amd64 (1.33-1) ...

#6 7.375 Selecting previously unselected package fakeroot.

#6 7.377 Preparing to unpack .../18-fakeroot_1.33-1_amd64.deb ...

#6 7.378 Unpacking fakeroot (1.33-1) ...

#6 7.392 Selecting previously unselected package gnupg-utils.

#6 7.394 Preparing to unpack .../19-gnupg-utils_2.4.4-2ubuntu17_amd64.deb ...

#6 7.395 Unpacking gnupg-utils (2.4.4-2ubuntu17) ...

#6 7.410 Selecting previously unselected package gpg.

#6 7.411 Preparing to unpack .../20-gpg_2.4.4-2ubuntu17_amd64.deb ...

#6 7.413 Unpacking gpg (2.4.4-2ubuntu17) ...

#6 7.431 Selecting previously unselected package pinentry-curses.

2025-02-23 21:26:56.538Z: #6 7.433 Preparing to unpack .../21-pinentry-curses_1.2.1-3ubuntu5_amd64.deb ...

#6 7.435 Unpacking pinentry-curses (1.2.1-3ubuntu5) ...

2025-02-23 21:26:56.538Z: #6 7.449 Selecting previously unselected package gpg-agent.

#6 7.450 Preparing to unpack .../22-gpg-agent_2.4.4-2ubuntu17_amd64.deb ...

#6 7.451 Unpacking gpg-agent (2.4.4-2ubuntu17) ...

#6 7.468 Selecting previously unselected package gpgsm.

#6 7.470 Preparing to unpack .../23-gpgsm_2.4.4-2ubuntu17_amd64.deb ...

#6 7.471 Unpacking gpgsm (2.4.4-2ubuntu17) ...

#6 7.486 Selecting previously unselected package keyboxd.

#6 7.488 Preparing to unpack .../24-keyboxd_2.4.4-2ubuntu17_amd64.deb ...

#6 7.489 Unpacking keyboxd (2.4.4-2ubuntu17) ...

#6 7.502 Selecting previously unselected package gnupg.

#6 7.503 Preparing to unpack .../25-gnupg_2.4.4-2ubuntu17_all.deb ...

#6 7.505 Unpacking gnupg (2.4.4-2ubuntu17) ...

#6 7.520 Selecting previously unselected package gnupg-l10n.

#6 7.521 Preparing to unpack .../26-gnupg-l10n_2.4.4-2ubuntu17_all.deb ...

#6 7.522 Unpacking gnupg-l10n (2.4.4-2ubuntu17) ...

#6 7.538 Selecting previously unselected package gpg-wks-client.

2025-02-23 21:26:56.643Z: #6 7.541 Preparing to unpack .../27-gpg-wks-client_2.4.4-2ubuntu17_amd64.deb ...
2025-02-23 21:26:56.644Z: 
#6 7.542 Unpacking gpg-wks-client (2.4.4-2ubuntu17) ...

#6 7.555 Selecting previously unselected package libalgorithm-diff-perl.

#6 7.556 Preparing to unpack .../28-libalgorithm-diff-perl_1.201-1_all.deb ...

#6 7.557 Unpacking libalgorithm-diff-perl (1.201-1) ...

#6 7.572 Selecting previously unselected package libalgorithm-diff-xs-perl:amd64.

#6 7.574 Preparing to unpack .../29-libalgorithm-diff-xs-perl_0.04-8build3_amd64.deb ...

#6 7.575 Unpacking libalgorithm-diff-xs-perl:amd64 (0.04-8build3) ...

#6 7.587 Selecting previously unselected package libalgorithm-merge-perl.

#6 7.589 Preparing to unpack .../30-libalgorithm-merge-perl_0.08-5_all.deb ...

#6 7.590 Unpacking libalgorithm-merge-perl (0.08-5) ...

#6 7.602 Selecting previously unselected package libexpat1-dev:amd64.

#6 7.603 Preparing to unpack .../31-libexpat1-dev_2.6.1-2ubuntu0.2_amd64.deb ...

#6 7.605 Unpacking libexpat1-dev:amd64 (2.6.1-2ubuntu0.2) ...

#6 7.626 Selecting previously unselected package libfile-fcntllock-perl.

#6 7.627 Preparing to unpack .../32-libfile-fcntllock-perl_0.22-4ubuntu5_amd64.deb ...

#6 7.629 Unpacking libfile-fcntllock-perl (0.22-4ubuntu5) ...

#6 7.644 Selecting previously unselected package libpython3.12t64:amd64.

2025-02-23 21:26:56.846Z: #6 7.647 Preparing to unpack .../33-libpython3.12t64_3.12.3-1ubuntu0.5_amd64.deb ...

#6 7.648 Unpacking libpython3.12t64:amd64 (3.12.3-1ubuntu0.5) ...

#6 7.692 Selecting previously unselected package zlib1g-dev:amd64.

#6 7.694 Preparing to unpack .../34-zlib1g-dev_1%3a1.3.dfsg-3.1ubuntu2.1_amd64.deb ...

#6 7.695 Unpacking zlib1g-dev:amd64 (1:1.3.dfsg-3.1ubuntu2.1) ...

#6 7.710 Selecting previously unselected package libpython3.12-dev:amd64.

#6 7.712 Preparing to unpack .../35-libpython3.12-dev_3.12.3-1ubuntu0.5_amd64.deb ...

#6 7.713 Unpacking libpython3.12-dev:amd64 (3.12.3-1ubuntu0.5) ...

#6 7.847 Selecting previously unselected package libpython3-dev:amd64.

2025-02-23 21:26:56.951Z: #6 7.849 Preparing to unpack .../36-libpython3-dev_3.12.3-0ubuntu2_amd64.deb ...
2025-02-23 21:26:56.953Z: 
#6 7.850 Unpacking libpython3-dev:amd64 (3.12.3-0ubuntu2) ...

#6 7.863 Selecting previously unselected package python3.12-dev.

#6 7.864 Preparing to unpack .../37-python3.12-dev_3.12.3-1ubuntu0.5_amd64.deb ...

#6 7.866 Unpacking python3.12-dev (3.12.3-1ubuntu0.5) ...

#6 7.878 Selecting previously unselected package python3-dev.

#6 7.880 Preparing to unpack .../38-python3-dev_3.12.3-0ubuntu2_amd64.deb ...

#6 7.881 Unpacking python3-dev (3.12.3-0ubuntu2) ...

#6 7.894 Selecting previously unselected package python3-setuptools.

#6 7.896 Preparing to unpack .../39-python3-setuptools_68.1.2-2ubuntu1.1_all.deb ...

#6 7.897 Unpacking python3-setuptools (68.1.2-2ubuntu1.1) ...

#6 7.932 Selecting previously unselected package python3-wheel.

#6 7.934 Preparing to unpack .../40-python3-wheel_0.42.0-2_all.deb ...

#6 7.935 Unpacking python3-wheel (0.42.0-2) ...

#6 7.952 Selecting previously unselected package python3-pip.

2025-02-23 21:26:57.057Z: #6 7.956 Preparing to unpack .../41-python3-pip_24.0+dfsg-1ubuntu1.1_all.deb ...
2025-02-23 21:26:57.058Z: 
#6 7.956 Unpacking python3-pip (24.0+dfsg-1ubuntu1.1) ...

#6 8.037 Selecting previously unselected package python3-pip-whl.

#6 8.039 Preparing to unpack .../42-python3-pip-whl_24.0+dfsg-1ubuntu1.1_all.deb ...

#6 8.040 Unpacking python3-pip-whl (24.0+dfsg-1ubuntu1.1) ...

#6 8.058 Selecting previously unselected package python3-setuptools-whl.

2025-02-23 21:26:57.160Z: #6 8.061 Preparing to unpack .../43-python3-setuptools-whl_68.1.2-2ubuntu1.1_all.deb ...
2025-02-23 21:26:57.160Z: 
#6 8.061 Unpacking python3-setuptools-whl (68.1.2-2ubuntu1.1) ...

#6 8.077 Selecting previously unselected package python3.12-venv.

#6 8.079 Preparing to unpack .../44-python3.12-venv_3.12.3-1ubuntu0.5_amd64.deb ...

#6 8.080 Unpacking python3.12-venv (3.12.3-1ubuntu0.5) ...

#6 8.092 Selecting previously unselected package python3-venv.

#6 8.093 Preparing to unpack .../45-python3-venv_3.12.3-0ubuntu2_amd64.deb ...

#6 8.094 Unpacking python3-venv (3.12.3-0ubuntu2) ...

#6 8.117 Setting up libksba8:amd64 (1.6.6-1build1) ...

#6 8.121 Setting up pinentry-curses (1.2.1-3ubuntu5) ...

#6 8.131 Setting up media-types (10.1.0) ...

#6 8.136 Setting up python3-setuptools-whl (68.1.2-2ubuntu1.1) ...

#6 8.139 Setting up lto-disabled-list (47) ...

#6 8.142 Setting up libgdbm6t64:amd64 (1.23-5.1build1) ...

#6 8.145 Setting up libgdbm-compat4t64:amd64 (1.23-5.1build1) ...

#6 8.148 Setting up python3-pip-whl (24.0+dfsg-1ubuntu1.1) ...

#6 8.151 Setting up libsqlite3-0:amd64 (3.45.1-1ubuntu2.1) ...

#6 8.154 Setting up bzip2 (1.0.8-5.1build0.1) ...

#6 8.157 Setting up libfakeroot:amd64 (1.33-1) ...

#6 8.161 Setting up fakeroot (1.33-1) ...

2025-02-23 21:26:57.366Z: #6 8.166 update-alternatives: using /usr/bin/fakeroot-sysv to provide /usr/bin/fakeroot (fakeroot) in auto mode

2025-02-23 21:26:57.367Z: #6 8.166 update-alternatives: warning: skip creation of /usr/share/man/man1/fakeroot.1.gz because associated file /usr/share/man/man1/fakeroot-sysv.1.gz (of link group fakeroot) doesn't exist

#6 8.166 update-alternatives: warning: skip creation of /usr/share/man/man1/faked.1.gz because associated file /usr/share/man/man1/faked-sysv.1.gz (of link group fakeroot) doesn't exist

#6 8.166 update-alternatives: warning: skip creation of /usr/share/man/es/man1/fakeroot.1.gz because associated file /usr/share/man/es/man1/fakeroot-sysv.1.gz (of link group fakeroot) doesn't exist

#6 8.166 update-alternatives: warning: skip creation of /usr/share/man/es/man1/faked.1.gz because associated file /usr/share/man/es/man1/faked-sysv.1.gz (of link group fakeroot) doesn't exist

#6 8.166 update-alternatives: warning: skip creation of /usr/share/man/fr/man1/fakeroot.1.gz because associated file /usr/share/man/fr/man1/fakeroot-sysv.1.gz (of link group fakeroot) doesn't exist

#6 8.166 update-alternatives: warning: skip creation of /usr/share/man/fr/man1/faked.1.gz because associated file /usr/share/man/fr/man1/faked-sysv.1.gz (of link group fakeroot) doesn't exist

#6 8.166 update-alternatives: warning: skip creation of /usr/share/man/sv/man1/fakeroot.1.gz because associated file /usr/share/man/sv/man1/fakeroot-sysv.1.gz (of link group fakeroot) doesn't exist

#6 8.166 update-alternatives: warning: skip creation of /usr/share/man/sv/man1/faked.1.gz because associated file /usr/share/man/sv/man1/faked-sysv.1.gz (of link group fakeroot) doesn't exist

#6 8.170 Setting up libexpat1-dev:amd64 (2.6.1-2ubuntu0.2) ...

#6 8.173 Setting up gnupg-l10n (2.4.4-2ubuntu17) ...

#6 8.176 Setting up xz-utils (5.6.1+really5.4.5-1build0.1) ...

#6 8.180 update-alternatives: using /usr/bin/xz to provide /usr/bin/lzma (lzma) in auto mode

#6 8.180 update-alternatives: warning: skip creation of /usr/share/man/man1/lzma.1.gz because associated file /usr/share/man/man1/xz.1.gz (of link group lzma) doesn't exist

#6 8.180 update-alternatives: warning: skip creation of /usr/share/man/man1/unlzma.1.gz because associated file /usr/share/man/man1/unxz.1.gz (of link group lzma) doesn't exist

#6 8.180 update-alternatives: warning: skip creation of /usr/share/man/man1/lzcat.1.gz because associated file /usr/share/man/man1/xzcat.1.gz (of link group lzma) doesn't exist

#6 8.180 update-alternatives: warning: skip creation of /usr/share/man/man1/lzmore.1.gz because associated file /usr/share/man/man1/xzmore.1.gz (of link group lzma) doesn't exist

#6 8.180 update-alternatives: warning: skip creation of /usr/share/man/man1/lzless.1.gz because associated file /usr/share/man/man1/xzless.1.gz (of link group lzma) doesn't exist

#6 8.180 update-alternatives: warning: skip creation of /usr/share/man/man1/lzdiff.1.gz because associated file /usr/share/man/man1/xzdiff.1.gz (of link group lzma) doesn't exist

#6 8.180 update-alternatives: warning: skip creation of /usr/share/man/man1/lzcmp.1.gz because associated file /usr/share/man/man1/xzcmp.1.gz (of link group lzma) doesn't exist

#6 8.180 update-alternatives: warning: skip creation of /usr/share/man/man1/lzgrep.1.gz because associated file /usr/share/man/man1/xzgrep.1.gz (of link group lzma) doesn't exist

2025-02-23 21:26:57.367Z: #6 8.181 update-alternatives: warning: skip creation of /usr/share/man/man1/lzegrep.1.gz because associated file /usr/share/man/man1/xzegrep.1.gz (of link group lzma) doesn't exist

#6 8.181 update-alternatives: warning: skip creation of /usr/share/man/man1/lzfgrep.1.gz because associated file /usr/share/man/man1/xzfgrep.1.gz (of link group lzma) doesn't exist

#6 8.184 Setting up perl-modules-5.38 (5.38.2-3.2build2.1) ...

#6 8.187 Setting up patch (2.7.6-7build3) ...

#6 8.190 Setting up zlib1g-dev:amd64 (1:1.3.dfsg-3.1ubuntu2.1) ...

#6 8.193 Setting up gpgconf (2.4.4-2ubuntu17) ...

#6 8.195 Setting up netbase (6.4) ...

#6 8.204 Setting up libperl5.38t64:amd64 (5.38.2-3.2build2.1) ...

#6 8.207 Setting up liblocale-gettext-perl (1.07-6ubuntu5) ...

#6 8.210 Setting up gpg (2.4.4-2ubuntu17) ...

#6 8.213 Setting up gnupg-utils (2.4.4-2ubuntu17) ...

#6 8.216 Setting up gpg-agent (2.4.4-2ubuntu17) ...

2025-02-23 21:26:57.577Z: #6 8.575 Setting up libpython3.12-stdlib:amd64 (3.12.3-1ubuntu0.5) ...
2025-02-23 21:26:57.577Z: 
2025-02-23 21:26:57.729Z: #6 8.579 Setting up python3.12 (3.12.3-1ubuntu0.5) ...

2025-02-23 21:26:58.321Z: #6 9.321 Setting up gpgsm (2.4.4-2ubuntu17) ...
2025-02-23 21:26:58.322Z: 
2025-02-23 21:26:58.432Z: #6 9.324 Setting up libpython3.12t64:amd64 (3.12.3-1ubuntu0.5) ...
2025-02-23 21:26:58.432Z: 
#6 9.328 Setting up dirmngr (2.4.4-2ubuntu17) ...

#6 9.431 Setting up perl (5.38.2-3.2build2.1) ...

2025-02-23 21:26:58.532Z: #6 9.441 Setting up keyboxd (2.4.4-2ubuntu17) ...
2025-02-23 21:26:58.532Z: 
#6 9.533 Setting up libdpkg-perl (1.22.6ubuntu6.1) ...

2025-02-23 21:26:58.676Z: #6 9.538 Setting up gnupg (2.4.4-2ubuntu17) ...
2025-02-23 21:26:58.676Z: 
#6 9.541 Setting up libpython3-stdlib:amd64 (3.12.3-0ubuntu2) ...

#6 9.545 Setting up gpg-wks-client (2.4.4-2ubuntu17) ...

#6 9.548 Setting up python3.12-venv (3.12.3-1ubuntu0.5) ...

#6 9.591 Setting up libfile-fcntllock-perl (0.22-4ubuntu5) ...

#6 9.594 Setting up libalgorithm-diff-perl (1.201-1) ...

#6 9.597 Setting up python3 (3.12.3-0ubuntu2) ...

#6 9.600 running python rtupdate hooks for python3.12...

#6 9.601 running python post-rtupdate hooks for python3.12...

#6 9.677 Setting up libpython3.12-dev:amd64 (3.12.3-1ubuntu0.5) ...

2025-02-23 21:26:58.804Z: #6 9.681 Setting up python3-wheel (0.42.0-2) ...

2025-02-23 21:26:58.804Z: #6 9.804 Setting up dpkg-dev (1.22.6ubuntu6.1) ...

2025-02-23 21:26:58.977Z: #6 9.811 Setting up python3-venv (3.12.3-0ubuntu2) ...

#6 9.815 Setting up python3.12-dev (3.12.3-1ubuntu0.5) ...
2025-02-23 21:26:58.978Z: 
#6 9.818 Setting up build-essential (12.10ubuntu1) ...

#6 9.821 Setting up libalgorithm-diff-xs-perl:amd64 (0.04-8build3) ...

#6 9.825 Setting up libalgorithm-merge-perl (0.08-5) ...

#6 9.828 Setting up python3-pkg-resources (68.1.2-2ubuntu1.1) ...

2025-02-23 21:26:59.003Z: #6 10.00 Setting up libpython3-dev:amd64 (3.12.3-0ubuntu2) ...

2025-02-23 21:26:59.157Z: #6 10.01 Setting up python3-setuptools (68.1.2-2ubuntu1.1) ...

2025-02-23 21:26:59.427Z: #6 10.43 Setting up python3-dev (3.12.3-0ubuntu2) ...

2025-02-23 21:26:59.580Z: #6 10.43 Setting up python3-pip (24.0+dfsg-1ubuntu1.1) ...

2025-02-23 21:27:01.053Z: #6 12.05 Processing triggers for libc-bin (2.39-0ubuntu8.4) ...

2025-02-23 21:27:01.782Z: #6 DONE 12.8s
2025-02-23 21:27:01.935Z: 
2025-02-23 21:27:01.936Z: #7 [dev_container_auto_added_stage_label 3/4] RUN python3 -m venv /opt/venv &&     /opt/venv/bin/pip install radian
2025-02-23 21:27:05.025Z: #7 3.245 Collecting radian
2025-02-23 21:27:05.247Z: #7 3.294   Downloading radian-0.6.13.tar.gz (53 kB)
#7 3.307      ━━━━━━━━━━━━━━━━━━━━━━━━━━━━━━━━━━━━━━━━ 53.9/53.9 kB 4.0 MB/s eta 0:00:002025-02-23 21:27:05.247Z: 
#7 3.316   Installing build dependencies: started
2025-02-23 21:27:06.434Z: #7 4.653   Installing build dependencies: finished with status 'done'2025-02-23 21:27:06.434Z: 
2025-02-23 21:27:06.561Z: #7 4.655   Getting requirements to build wheel: started2025-02-23 21:27:06.561Z: 
#7 4.779   Getting requirements to build wheel: finished with status 'done'
2025-02-23 21:27:06.713Z: #7 4.782   Installing backend dependencies: started
2025-02-23 21:27:07.119Z: #7 5.339   Installing backend dependencies: finished with status 'done'
2025-02-23 21:27:07.272Z: #7 5.341   Preparing metadata (pyproject.toml): started
2025-02-23 21:27:07.300Z: #7 5.519   Preparing metadata (pyproject.toml): finished with status 'done'2025-02-23 21:27:07.300Z: 
2025-02-23 21:27:07.736Z: #7 5.956 Collecting rchitect<0.5.0,>=0.4.7 (from radian)
2025-02-23 21:27:07.838Z: #7 5.961   Downloading rchitect-0.4.7-cp312-cp312-manylinux_2_5_x86_64.manylinux1_x86_64.manylinux_2_17_x86_64.manylinux2014_x86_64.whl.metadata (2.9 kB)2025-02-23 21:27:07.838Z: 
#7 6.001 Collecting prompt_toolkit<3.1,>=3.0.41 (from radian)
#7 6.004   Downloading prompt_toolkit-3.0.50-py3-none-any.whl.metadata (6.6 kB)
#7 6.032 Collecting pygments>=2.5.0 (from radian)
#7 6.035   Downloading pygments-2.19.1-py3-none-any.whl.metadata (2.5 kB)
#7 6.053 Collecting wcwidth (from prompt_toolkit<3.1,>=3.0.41->radian)
#7 6.057   Downloading wcwidth-0.2.13-py2.py3-none-any.whl.metadata (14 kB)
2025-02-23 21:27:07.938Z: #7 6.158 Collecting cffi>=1.10.0 (from rchitect<0.5.0,>=0.4.7->radian)
2025-02-23 21:27:08.049Z: #7 6.162   Downloading cffi-1.17.1-cp312-cp312-manylinux_2_17_x86_64.manylinux2014_x86_64.whl.metadata (1.5 kB)2025-02-23 21:27:08.050Z: 
#7 6.181 Collecting six>=1.9.0 (from rchitect<0.5.0,>=0.4.7->radian)
#7 6.185   Downloading six-1.17.0-py2.py3-none-any.whl.metadata (1.7 kB)
#7 6.210 Collecting packaging>=23.0 (from rchitect<0.5.0,>=0.4.7->radian)
#7 6.214   Downloading packaging-24.2-py3-none-any.whl.metadata (3.2 kB)
#7 6.230 Collecting pycparser (from cffi>=1.10.0->rchitect<0.5.0,>=0.4.7->radian)
#7 6.239   Downloading pycparser-2.22-py3-none-any.whl.metadata (943 bytes)
#7 6.255 Downloading prompt_toolkit-3.0.50-py3-none-any.whl (387 kB)
#7 6.269    ━━━━━━━━━━━━━━━━━━━━━━━━━━━━━━━━━━━━━━━━ 387.8/387.8 kB 33.7 MB/s eta 0:00:002025-02-23 21:27:08.152Z: 
#7 6.274 Downloading pygments-2.19.1-py3-none-any.whl (1.2 MB)2025-02-23 21:27:08.152Z: 
#7 6.300    ━━━━━━━━━━━━━━━━━━━━━━━━━━━━━━━━━━━━━━━━ 1.2/1.2 MB 51.8 MB/s eta 0:00:002025-02-23 21:27:08.152Z: 
#7 6.305 Downloading rchitect-0.4.7-cp312-cp312-manylinux_2_5_x86_64.manylinux1_x86_64.manylinux_2_17_x86_64.manylinux2014_x86_64.whl (162 kB)
#7 6.311    ━━━━━━━━━━━━━━━━━━━━━━━━━━━━━━━━━━━━━━━━ 162.2/162.2 kB 33.1 MB/s eta 0:00:00
#7 6.315 Downloading cffi-1.17.1-cp312-cp312-manylinux_2_17_x86_64.manylinux2014_x86_64.whl (479 kB)
#7 6.325    ━━━━━━━━━━━━━━━━━━━━━━━━━━━━━━━━━━━━━━━━ 479.4/479.4 kB 54.5 MB/s eta 0:00:00
#7 6.329 Downloading packaging-24.2-py3-none-any.whl (65 kB)
#7 6.334    ━━━━━━━━━━━━━━━━━━━━━━━━━━━━━━━━━━━━━━━━ 65.5/65.5 kB 15.6 MB/s eta 0:00:00
#7 6.338 Downloading six-1.17.0-py2.py3-none-any.whl (11 kB)
#7 6.345 Downloading wcwidth-0.2.13-py2.py3-none-any.whl (34 kB)
#7 6.352 Downloading pycparser-2.22-py3-none-any.whl (117 kB)
#7 6.358    ━━━━━━━━━━━━━━━━━━━━━━━━━━━━━━━━━━━━━━━━ 117.6/117.6 kB 27.0 MB/s eta 0:00:00
#7 6.370 Building wheels for collected packages: radian
2025-02-23 21:27:08.303Z: #7 6.371   Building wheel for radian (pyproject.toml): started
2025-02-23 21:27:08.337Z: #7 6.556   Building wheel for radian (pyproject.toml): finished with status 'done'
2025-02-23 21:27:08.508Z: #7 6.557   Created wheel for radian: filename=radian-0.6.13-py3-none-any.whl size=54181 sha256=d66e6222384333377d0ce33d62a60bf0eb7a128931068ccee8674f2074aac6ca2025-02-23 21:27:08.509Z: 
#7 6.558   Stored in directory: /root/.cache/pip/wheels/87/3a/f4/5543bf082d657807c3d186015550fe15427ad6ae2338616fb9
#7 6.560 Successfully built radian
#7 6.577 Installing collected packages: wcwidth, six, pygments, pycparser, prompt_toolkit, packaging, cffi, rchitect, radian
2025-02-23 21:27:09.497Z: #7 7.716 Successfully installed cffi-1.17.1 packaging-24.2 prompt_toolkit-3.0.50 pycparser-2.22 pygments-2.19.1 radian-0.6.13 rchitect-0.4.7 six-1.17.0 wcwidth-0.2.132025-02-23 21:27:09.498Z: 
2025-02-23 21:27:09.799Z: #7 DONE 8.0s2025-02-23 21:27:09.801Z: 
2025-02-23 21:27:09.943Z: 
#8 [dev_container_auto_added_stage_label 4/4] RUN apt-get clean && rm -rf /var/lib/apt/lists/*
2025-02-23 21:27:10.025Z: #8 DONE 0.2s2025-02-23 21:27:10.025Z: 
2025-02-23 21:27:10.173Z: 
2025-02-23 21:27:10.173Z: #9 preparing layers for inline cache
2025-02-23 21:27:11.871Z: #9 DONE 1.8s2025-02-23 21:27:11.871Z: 

#10 exporting to image
#10 exporting layers done
2025-02-23 21:27:11.902Z: #10 writing image sha256:ffc6d78ed366ef2a500cb4e19c6370686445603fd0cac526cfbd68febee5ea00 done
#10 naming to docker.io/library/vsc-bbm104-6a7e1cf73cf5258747cd1967453bbbebaea810945fb921edb5947afb4ed38c90 done
#10 DONE 0.0s
2025-02-23 21:27:11.907Z: Stop: Run: docker buildx build --load --build-arg BUILDKIT_INLINE_CACHE=1 -f /tmp/devcontainercli-root/container-features/0.68.0-1740345988421/Dockerfile-with-features -t vsc-bbm104-6a7e1cf73cf5258747cd1967453bbbebaea810945fb921edb5947afb4ed38c90 --target dev_containers_target_stage --build-arg _DEV_CONTAINERS_BASE_IMAGE=dev_container_auto_added_stage_label /var/lib/docker/codespacemount/workspace/BBM104
2025-02-23 21:27:11.912Z: $127.0.0.1 --cap-add sys_nice --network host --entrypoint /bin/sh vsc-bbm104-6a7e1cf73cf5258747cd1967453bbbebaea810945fb921edb5947afb4ed38c90 -c echo Container started
2025-02-23 21:27:12.052Z: Container started
2025-02-23 21:27:12.114Z: Shell server terminated (code: 126, signal: null)
2025-02-23 21:27:12.115Z: unable to find user vscode: no matching entries in passwd file
2025-02-23 21:27:12.115Z: {"outcome":"error","message":"An error occurred setting up the container.","description":"An error occurred setting up the container.","containerId":"dbfcb8937be07cbbde391f57e1e6e3f3b7ea17befd4e840155189b931e89a579"}
2025-02-23 21:27:12.117Z: Error: An error occurred setting up the container.
2025-02-23 21:27:12.117Z:     at wtA (/.codespaces/agent/bin/node_modules/@devcontainers/cli/dist/spec-node/devContainersSpecCLI.js:465:1260)
2025-02-23 21:27:12.117Z:     at NH (/.codespaces/agent/bin/node_modules/@devcontainers/cli/dist/spec-node/devContainersSpecCLI.js:465:1002)
2025-02-23 21:27:12.118Z:     at process.processTicksAndRejections (node:internal/process/task_queues:95:5)
2025-02-23 21:27:12.118Z:     at async YtA (/.codespaces/agent/bin/node_modules/@devcontainers/cli/dist/spec-node/devContainersSpecCLI.js:482:3771)
2025-02-23 21:27:12.119Z:     at async eB (/.codespaces/agent/bin/node_modules/@devcontainers/cli/dist/spec-node/devContainersSpecCLI.js:482:4886)
2025-02-23 21:27:12.120Z:     at async prA (/.codespaces/agent/bin/node_modules/@devcontainers/cli/dist/spec-node/devContainersSpecCLI.js:663:200)
2025-02-23 21:27:12.121Z:     at async drA (/.codespaces/agent/bin/node_modules/@devcontainers/cli/dist/spec-node/devContainersSpecCLI.js:662:14706)
2025-02-23 21:27:12.124Z: devcontainer process exited with exit code 1

====================================== ERROR ====================================
2025-02-23 21:27:12.128Z: Failed to create container.
=================================================================================
2025-02-23 21:27:12.128Z: Error: An error occurred setting up the container.
2025-02-23 21:27:12.131Z: Error code: 1302 (UnifiedContainersErrorFatalCreatingContainer)

====================================== ERROR ====================================
2025-02-23 21:27:12.139Z: Container creation failed.
=================================================================================
2025-02-23 21:27:12.204Z: 

===================================== WARNING ===================================
2025-02-23 21:27:12.206Z: Creating recovery container.
=================================================================================

=================================================================================
2025-02-23 21:27:13.640Z: Creating container...
2025-02-23 21:27:13.668Z: $ devcontainer up --id-label Type=codespaces --workspace-folder /var/lib/docker/codespacemount/workspace/BBM104 --mount type=bind,source=/.codespaces/agent/mount/cache,target=/vscode --user-data-folder /var/lib/docker/codespacemount/.persistedshare --container-data-folder .vscode-remote/data/Machine --container-system-data-folder /var/vscode-remote --log-level trace --log-format json --update-remote-user-uid-default never --mount-workspace-git-root false --omit-config-remote-env-from-metadata --skip-non-blocking-commands --skip-post-create --config "/var/lib/docker/codespacemount/workspace/BBM104/.devcontainer/devcontainer.json" --override-config /root/.codespaces/shared/merged_devcontainer.json --default-user-env-probe loginInteractiveShell --container-session-data-folder /workspaces/.codespaces/.persistedshare/devcontainers-cli/cache --secrets-file /root/.codespaces/shared/user-secrets-envs.json
2025-02-23 21:27:13.833Z: @devcontainers/cli 0.68.0. Node.js v18.20.6. linux 6.5.0-1025-azure x64.
2025-02-23 21:27:14.369Z: $alpine -c echo Container started
2025-02-23 21:27:14.387Z: Unable to find image 'mcr.microsoft.com/devcontainers/base:alpine' locally
2025-02-23 21:27:14.506Z: alpine: 2025-02-23 21:27:14.507Z: Pulling from devcontainers/base
2025-02-23 21:27:14.554Z: 
[1A[2K
da9db072f522: 2025-02-23 21:27:14.555Z: Pulling fs layer 
[1B
[1A[2K
3cdff9e33f37: Pulling fs layer 
[1B
[1A[2K
87dffdaee0b6: Pulling fs layer 
[1B
[1A[2K
3f72e2f1b3f3: Pulling fs layer 
[1B
[1A[2K
1ac829ce5af3: Pulling fs layer 
[1B2025-02-23 21:27:14.556Z: 
[1A[2K
2a15ab263bdf: Pulling fs layer 
[1B
[1A[2K
a9bdcaa5c876: Pulling fs layer 
[1B[3A[2K
1ac829ce5af3: Waiting 
[3B[2A[2K
2a15ab263bdf: Waiting 
[2B[1A[2K
a9bdcaa5c876: Waiting 
[1B[4A[2K
3f72e2f1b3f3: Waiting 
[4B2025-02-23 21:27:14.633Z: [5A[2K2025-02-23 21:27:14.634Z: 
87dffdaee0b6: Downloading     135B/135B
2025-02-23 21:27:14.634Z: [5B2025-02-23 21:27:14.636Z: [5A[2K
2025-02-23 21:27:14.636Z: 87dffdaee0b6: Verifying Checksum 
[5B[5A[2K
87dffdaee0b6: Download complete 
[5B2025-02-23 21:27:14.639Z: [7A[2K
da9db072f522: Downloading  48.34kB/3.624MB
[7B2025-02-23 21:27:14.651Z: [6A2025-02-23 21:27:14.653Z: [2K2025-02-23 21:27:14.657Z: 
2025-02-23 21:27:14.659Z: 3cdff9e33f37: Downloading     410B/410B
2025-02-23 21:27:14.661Z: [6B[7A[2K
da9db072f522: Downloading  3.624MB/3.624MB
[7B[7A[2K
da9db072f522: Verifying Checksum 
[7B[7A[2K
da9db072f522: Download complete 
[7B2025-02-23 21:27:14.663Z: [6A[2K
3cdff9e33f37: Verifying Checksum 
[6B[6A[2K
3cdff9e33f37: 2025-02-23 21:27:14.664Z: Download complete 
[6B2025-02-23 21:27:14.670Z: [7A2025-02-23 21:27:14.670Z: [2K2025-02-23 21:27:14.670Z: 
2025-02-23 21:27:14.670Z: da9db072f522: 2025-02-23 21:27:14.670Z: Extracting  65.54kB/3.624MB
2025-02-23 21:27:14.670Z: [7B2025-02-23 21:27:14.734Z: [7A2025-02-23 21:27:14.737Z: [2K2025-02-23 21:27:14.737Z: 
2025-02-23 21:27:14.737Z: da9db072f522: 2025-02-23 21:27:14.737Z: Extracting  3.624MB/3.624MB
2025-02-23 21:27:14.737Z: [7B2025-02-23 21:27:14.744Z: [4A2025-02-23 21:27:14.745Z: [2K2025-02-23 21:27:14.746Z: 
2025-02-23 21:27:14.747Z: 3f72e2f1b3f3: 2025-02-23 21:27:14.749Z: Downloading     223B/223B
2025-02-23 21:27:14.751Z: [4B[4A[2K
3f72e2f1b3f3: Verifying Checksum 
[4B[4A[2K
3f72e2f1b3f3: Download complete 
[4B2025-02-23 21:27:14.776Z: [7A[2K
da9db072f522: Pull complete 
2025-02-23 21:27:14.778Z: [7B2025-02-23 21:27:14.782Z: [6A2025-02-23 21:27:14.784Z: [2K2025-02-23 21:27:14.784Z: 
2025-02-23 21:27:14.784Z: 3cdff9e33f37: 2025-02-23 21:27:14.784Z: Extracting     410B/410B
2025-02-23 21:27:14.784Z: [6B2025-02-23 21:27:14.784Z: [6A2025-02-23 21:27:14.785Z: [2K2025-02-23 21:27:14.786Z: 
2025-02-23 21:27:14.786Z: 3cdff9e33f37: 2025-02-23 21:27:14.787Z: Extracting     410B/410B
2025-02-23 21:27:14.787Z: [6B2025-02-23 21:27:14.788Z: [2A2025-02-23 21:27:14.788Z: [2K2025-02-23 21:27:14.788Z: 
2025-02-23 21:27:14.789Z: 2a15ab263bdf: 2025-02-23 21:27:14.789Z: Downloading  538.9kB/230.6MB
2025-02-23 21:27:14.789Z: [2B2025-02-23 21:27:14.789Z: [3A2025-02-23 21:27:14.790Z: [2K2025-02-23 21:27:14.790Z: 
2025-02-23 21:27:14.792Z: 1ac829ce5af3: 2025-02-23 21:27:14.792Z: Downloading     235B/235B
2025-02-23 21:27:14.792Z: [3B2025-02-23 21:27:14.792Z: [3A2025-02-23 21:27:14.792Z: [2K2025-02-23 21:27:14.794Z: 
2025-02-23 21:27:14.794Z: 1ac829ce5af3: 2025-02-23 21:27:14.794Z: Verifying Checksum 
2025-02-23 21:27:14.795Z: [3B2025-02-23 21:27:14.796Z: [3A2025-02-23 21:27:14.805Z: [2K2025-02-23 21:27:14.805Z: 
2025-02-23 21:27:14.805Z: 1ac829ce5af3: 2025-02-23 21:27:14.805Z: Download complete 
2025-02-23 21:27:14.805Z: [3B2025-02-23 21:27:14.866Z: [1A[2K2025-02-23 21:27:14.867Z: 
a9bdcaa5c876: Downloading  440.6kB/43.41MB
[1B2025-02-23 21:27:14.887Z: [2A2025-02-23 21:27:14.887Z: [2K
2a15ab263bdf: Downloading  19.45MB/230.6MB
[2B2025-02-23 21:27:14.973Z: [1A2025-02-23 21:27:14.973Z: [2K
a9bdcaa5c876: Downloading  15.48MB/43.41MB
[1B2025-02-23 21:27:14.997Z: [2A2025-02-23 21:27:14.998Z: [2K
2a15ab263bdf: Downloading  35.13MB/230.6MB
[2B2025-02-23 21:27:15.015Z: [6A2025-02-23 21:27:15.015Z: [2K
3cdff9e33f37: Pull complete 
[6B2025-02-23 21:27:15.023Z: [5A[2K
87dffdaee0b6: Extracting     135B/135B
[5B2025-02-23 21:27:15.023Z: [5A[2K
87dffdaee0b6: Extracting     135B/135B
[5B2025-02-23 21:27:15.098Z: [1A[2K
a9bdcaa5c876: Downloading  33.18MB/43.41MB
[1B[2A[2K
2a15ab263bdf: Downloading  61.08MB/230.6MB
[2B2025-02-23 21:27:15.159Z: [1A[2K
a9bdcaa5c876: Verifying Checksum 
[1B[1A2025-02-23 21:27:15.160Z: [2K
a9bdcaa5c876: Download complete 
[1B2025-02-23 21:27:15.188Z: [2A[2K
2a15ab263bdf: 2025-02-23 21:27:15.188Z: Downloading  79.46MB/230.6MB
[2B2025-02-23 21:27:15.290Z: [2A[2K
2a15ab263bdf: 2025-02-23 21:27:15.290Z: Downloading  105.4MB/230.6MB
[2B2025-02-23 21:27:15.391Z: [2A[2K
2025-02-23 21:27:15.392Z: 2a15ab263bdf: Downloading  131.9MB/230.6MB
[2B2025-02-23 21:27:15.492Z: [2A[2K
2025-02-23 21:27:15.492Z: 2a15ab263bdf: Downloading  161.1MB/230.6MB
[2B2025-02-23 21:27:15.600Z: [2A[2K
2a15ab263bdf: 2025-02-23 21:27:15.600Z: Downloading  195.7MB/230.6MB
[2B2025-02-23 21:27:15.693Z: [2A[2K
2a15ab263bdf: 2025-02-23 21:27:15.693Z: Downloading  224.9MB/230.6MB
[2B2025-02-23 21:27:15.712Z: [2A[2K
2025-02-23 21:27:15.713Z: 2a15ab263bdf: Verifying Checksum 
[2B[2A[2K
2a15ab263bdf: Download complete 
[2B2025-02-23 21:27:15.800Z: [5A[2K
87dffdaee0b6: Pull complete 
[5B2025-02-23 21:27:15.806Z: [4A[2K
3f72e2f1b3f3: Extracting     223B/223B
[4B[4A[2K
3f72e2f1b3f3: Extracting     223B/223B
[4B2025-02-23 21:27:17.108Z: [4A2025-02-23 21:27:17.108Z: [2K
3f72e2f1b3f3: Pull complete 
[4B2025-02-23 21:27:17.112Z: [3A2025-02-23 21:27:17.112Z: [2K
1ac829ce5af3: Extracting     235B/235B
[3B[3A[2K2025-02-23 21:27:17.112Z: 
1ac829ce5af3: Extracting     235B/235B
[3B2025-02-23 21:27:17.122Z: [3A2025-02-23 21:27:17.122Z: [2K
1ac829ce5af3: Pull complete 
[3B2025-02-23 21:27:17.133Z: [2A2025-02-23 21:27:17.134Z: [2K
2a15ab263bdf: Extracting  557.1kB/230.6MB
[2B2025-02-23 21:27:17.237Z: [2A[2K
2a15ab263bdf: Extracting  6.128MB/230.6MB
[2B2025-02-23 21:27:17.342Z: [2A[2K
2a15ab263bdf: Extracting  14.48MB/230.6MB
2025-02-23 21:27:17.342Z: [2B2025-02-23 21:27:17.448Z: [2A[2K
2a15ab263bdf: Extracting  21.73MB/230.6MB
2025-02-23 21:27:17.449Z: [2B2025-02-23 21:27:17.584Z: [2A[2K
2a15ab263bdf: Extracting  24.51MB/230.6MB
[2B2025-02-23 21:27:17.703Z: [2A[2K
2a15ab263bdf: Extracting  25.62MB/230.6MB
[2B2025-02-23 21:27:17.824Z: [2A[2K
2a15ab263bdf: Extracting  26.74MB/230.6MB
[2B2025-02-23 21:27:17.941Z: [2A[2K
2a15ab263bdf: Extracting  30.64MB/230.6MB
[2B2025-02-23 21:27:18.049Z: [2A[2K
2a15ab263bdf: 2025-02-23 21:27:18.050Z: Extracting  37.88MB/230.6MB
[2B2025-02-23 21:27:18.159Z: [2A[2K
2a15ab263bdf: 2025-02-23 21:27:18.160Z: Extracting  45.12MB/230.6MB
[2B2025-02-23 21:27:18.263Z: [2A[2K
2a15ab263bdf: Extracting  51.25MB/230.6MB
[2B2025-02-23 21:27:18.376Z: [2A[2K
2a15ab263bdf: 2025-02-23 21:27:18.376Z: Extracting  54.59MB/230.6MB
[2B2025-02-23 21:27:18.483Z: [2A[2K
2a15ab263bdf: Extracting   59.6MB/230.6MB
2025-02-23 21:27:18.484Z: [2B2025-02-23 21:27:18.584Z: [2A[2K
2a15ab263bdf: Extracting  67.96MB/230.6MB
[2B2025-02-23 21:27:18.685Z: [2A[2K
2a15ab263bdf: Extracting     83MB/230.6MB
[2B2025-02-23 21:27:18.788Z: [2A[2K
2a15ab263bdf: Extracting  97.48MB/230.6MB
[2B2025-02-23 21:27:18.890Z: [2A[2K
2a15ab263bdf: Extracting  110.3MB/230.6MB
[2B2025-02-23 21:27:18.994Z: [2A[2K
2a15ab263bdf: Extracting  114.2MB/230.6MB
[2B2025-02-23 21:27:19.112Z: [2A[2K
2a15ab263bdf: Extracting  119.2MB/230.6MB
[2B2025-02-23 21:27:19.214Z: [2A[2K
2025-02-23 21:27:19.214Z: 2a15ab263bdf: Extracting  121.4MB/230.6MB
[2B2025-02-23 21:27:19.320Z: [2A[2K
2a15ab263bdf: Extracting  125.9MB/230.6MB
[2B2025-02-23 21:27:19.424Z: [2A[2K
2a15ab263bdf: Extracting  133.7MB/230.6MB
[2B2025-02-23 21:27:19.527Z: [2A[2K
2a15ab263bdf: Extracting  141.5MB/230.6MB
[2B2025-02-23 21:27:19.633Z: [2A[2K
2a15ab263bdf: Extracting  148.2MB/230.6MB
[2B2025-02-23 21:27:19.737Z: [2A[2K
2a15ab263bdf: 2025-02-23 21:27:19.737Z: Extracting    156MB/230.6MB
[2B2025-02-23 21:27:19.846Z: [2A[2K
2a15ab263bdf: Extracting  163.2MB/230.6MB
[2B2025-02-23 21:27:19.950Z: [2A[2K
2a15ab263bdf: Extracting    171MB/230.6MB
[2B2025-02-23 21:27:20.054Z: [2A[2K
2a15ab263bdf: Extracting  178.8MB/230.6MB
[2B2025-02-23 21:27:20.161Z: [2A[2K
2a15ab263bdf: Extracting  186.6MB/230.6MB
[2B2025-02-23 21:27:20.266Z: [2A[2K
2a15ab263bdf: Extracting  194.4MB/230.6MB
[2B2025-02-23 21:27:20.370Z: [2A[2K
2a15ab263bdf: Extracting  202.8MB/230.6MB
[2B2025-02-23 21:27:20.475Z: [2A[2K
2a15ab263bdf: Extracting  210.6MB/230.6MB
[2B2025-02-23 21:27:20.582Z: [2A[2K
2a15ab263bdf: Extracting  218.9MB/230.6MB
[2B2025-02-23 21:27:20.720Z: [2A[2K
2a15ab263bdf: Extracting  222.3MB/230.6MB
[2B2025-02-23 21:27:20.840Z: [2A[2K
2a15ab263bdf: Extracting  224.5MB/230.6MB
[2B2025-02-23 21:27:20.974Z: [2A[2K
2a15ab263bdf: 2025-02-23 21:27:20.975Z: Extracting  226.2MB/230.6MB
[2B2025-02-23 21:27:21.248Z: [2A[2K2025-02-23 21:27:21.249Z: 
2a15ab263bdf: Extracting  227.8MB/230.6MB
[2B2025-02-23 21:27:21.373Z: [2A[2K
2a15ab263bdf: Extracting  228.4MB/230.6MB
[2B2025-02-23 21:27:21.387Z: [2A[2K
2a15ab263bdf: Extracting  230.6MB/230.6MB
[2B2025-02-23 21:27:25.566Z: [2A[2K
2a15ab263bdf: Pull complete 
[2B2025-02-23 21:27:25.583Z: [1A[2K
a9bdcaa5c876: 2025-02-23 21:27:25.584Z: Extracting  458.8kB/43.41MB
[1B2025-02-23 21:27:25.747Z: [1A[2K
a9bdcaa5c876: Extracting  5.046MB/43.41MB
[1B2025-02-23 21:27:25.858Z: [1A[2K
a9bdcaa5c876: Extracting  8.716MB/43.41MB
[1B2025-02-23 21:27:26.030Z: [1A[2K
a9bdcaa5c876: Extracting  12.85MB/43.41MB
[1B2025-02-23 21:27:26.130Z: [1A[2K
a9bdcaa5c876: Extracting  18.35MB/43.41MB
[1B2025-02-23 21:27:26.238Z: [1A[2K
a9bdcaa5c876: Extracting  25.69MB/43.41MB
[1B2025-02-23 21:27:26.353Z: [1A[2K
a9bdcaa5c876: Extracting   28.9MB/43.41MB
[1B2025-02-23 21:27:26.485Z: [1A2025-02-23 21:27:26.485Z: [2K
a9bdcaa5c876: Extracting  29.82MB/43.41MB
[1B2025-02-23 21:27:26.639Z: [1A[2K
a9bdcaa5c876: Extracting   31.2MB/43.41MB
[1B2025-02-23 21:27:26.743Z: [1A2025-02-23 21:27:26.744Z: [2K
a9bdcaa5c876: Extracting  32.11MB/43.41MB
[1B2025-02-23 21:27:26.844Z: [1A2025-02-23 21:27:26.844Z: [2K
a9bdcaa5c876: Extracting  33.49MB/43.41MB
[1B2025-02-23 21:27:27.015Z: [1A[2K
a9bdcaa5c876: Extracting  34.41MB/43.41MB
[1B2025-02-23 21:27:27.585Z: [1A[2K
a9bdcaa5c876: 2025-02-23 21:27:27.585Z: Extracting  34.87MB/43.41MB
[1B2025-02-23 21:27:27.724Z: [1A[2K
a9bdcaa5c876: 2025-02-23 21:27:27.724Z: Extracting   36.7MB/43.41MB
[1B2025-02-23 21:27:27.831Z: [1A[2K
2025-02-23 21:27:27.831Z: a9bdcaa5c876: Extracting  38.99MB/43.41MB
[1B2025-02-23 21:27:27.947Z: [1A[2K
a9bdcaa5c876: 2025-02-23 21:27:27.947Z: Extracting  40.37MB/43.41MB
[1B2025-02-23 21:27:28.079Z: [1A[2K
a9bdcaa5c876: 2025-02-23 21:27:28.080Z: Extracting  41.29MB/43.41MB
[1B2025-02-23 21:27:28.314Z: [1A[2K
a9bdcaa5c876: 2025-02-23 21:27:28.315Z: Extracting  42.21MB/43.41MB
[1B2025-02-23 21:27:28.424Z: [1A[2K
a9bdcaa5c876: 2025-02-23 21:27:28.425Z: Extracting  43.12MB/43.41MB
[1B2025-02-23 21:27:28.426Z: [1A[2K2025-02-23 21:27:28.427Z: 
a9bdcaa5c876: Extracting  43.41MB/43.41MB
[1B2025-02-23 21:27:29.330Z: [1A[2K
a9bdcaa5c876: Pull complete 
[1B2025-02-23 21:27:29.471Z: Digest: sha256:5212d8ed44c89bfadad14a03104ef75b09c5de8642a58721c271f2e9155f5023
2025-02-23 21:27:29.472Z: Status: Downloaded newer image for mcr.microsoft.com/devcontainers/base:alpine
2025-02-23 21:27:29.772Z: Container started2025-02-23 21:27:29.772Z: 
2025-02-23 21:27:29.851Z: Outcome: success User: vscode WorkspaceFolder: /workspaces/BBM104
2025-02-23 21:27:29.863Z: devcontainer process exited with exit code 0

=================================================================================
2025-02-23 21:27:30.417Z: Running blocking commands...
2025-02-23 21:27:30.453Z: $ devcontainer up --id-label Type=codespaces --workspace-folder /var/lib/docker/codespacemount/workspace/BBM104 --mount type=bind,source=/.codespaces/agent/mount/cache,target=/vscode --user-data-folder /var/lib/docker/codespacemount/.persistedshare --container-data-folder .vscode-remote/data/Machine --container-system-data-folder /var/vscode-remote --log-level trace --log-format json --update-remote-user-uid-default never --mount-workspace-git-root false --omit-config-remote-env-from-metadata --skip-non-blocking-commands --expect-existing-container --config "/var/lib/docker/codespacemount/workspace/BBM104/.devcontainer/devcontainer.json" --override-config /root/.codespaces/shared/merged_devcontainer.json --default-user-env-probe loginInteractiveShell --container-session-data-folder /workspaces/.codespaces/.persistedshare/devcontainers-cli/cache --secrets-file /root/.codespaces/shared/user-secrets-envs.json
2025-02-23 21:27:30.726Z: @devcontainers/cli 0.68.0. Node.js v18.20.6. linux 6.5.0-1025-azure x64.
2025-02-23 21:27:30.983Z: Outcome: success User: vscode WorkspaceFolder: /workspaces/BBM104
2025-02-23 21:27:30.991Z: devcontainer process exited with exit code 0

=================================================================================
2025-02-23 21:27:30.997Z: Configuring codespace...

=================================================================================
2025-02-23 21:27:31.039Z: Finished configuring codespace.
