2025-02-24 16:12:42.900 [info] [main] Log level: Info
2025-02-24 16:12:42.900 [info] [main] Validating found git in: "C:\Git\bin\git.exe"
2025-02-24 16:12:42.900 [info] Unable to find git on the PATH: "C:\Git\bin\git.exe". Error: spawn C:\Git\bin\git.exe ENOENT
2025-02-24 16:12:42.900 [info] [main] Validating found git in: "git"
2025-02-24 16:12:42.900 [info] [main] Using git "2.43.0" from "git"
2025-02-24 16:12:42.900 [info] [Model][doInitialScan] Initial repository scan started
2025-02-24 16:12:42.900 [info] > git rev-parse --show-toplevel [789ms]
2025-02-24 16:12:42.900 [info] > git rev-parse --git-dir --git-common-dir [1024ms]
2025-02-24 16:12:42.900 [info] [Model][openRepository] Opened repository: /workspaces/BBM104
2025-02-24 16:12:42.970 [info] > git rev-parse --show-toplevel [58ms]
2025-02-24 16:12:42.970 [info] > git config --get commit.template [64ms]
2025-02-24 16:12:43.058 [info] > git rev-parse --show-toplevel [72ms]
2025-02-24 16:12:43.153 [info] > git for-each-ref --format=%(refname)%00%(upstream:short)%00%(objectname)%00%(upstream:track)%00%(upstream:remotename)%00%(upstream:remoteref) refs/heads/main refs/remotes/main [133ms]
2025-02-24 16:12:43.218 [info] > git rev-parse --show-toplevel [140ms]
2025-02-24 16:12:43.285 [info] > git rev-parse --show-toplevel [40ms]
2025-02-24 16:12:43.366 [info] > git status -z -uall [103ms]
2025-02-24 16:12:43.406 [info] > git rev-parse --show-toplevel [103ms]
2025-02-24 16:12:43.415 [info] > git for-each-ref --sort -committerdate --format %(refname) %(objectname) %(*objectname) [131ms]
2025-02-24 16:12:43.854 [info] > git check-ignore -v -z --stdin [331ms]
2025-02-24 16:12:43.856 [info] > git for-each-ref --format=%(refname)%00%(upstream:short)%00%(objectname)%00%(upstream:track)%00%(upstream:remotename)%00%(upstream:remoteref) refs/heads/main refs/remotes/main [348ms]
2025-02-24 16:12:43.865 [info] > git fetch [968ms]
2025-02-24 16:12:44.164 [info] > git config --get --local branch.main.vscode-merge-base [299ms]
2025-02-24 16:12:44.169 [info] > git config --get commit.template [624ms]
2025-02-24 16:12:44.169 [info] > git rev-parse --show-toplevel [636ms]
2025-02-24 16:12:44.208 [info] > git config --get commit.template [66ms]
2025-02-24 16:12:44.214 [info] > git for-each-ref --format=%(refname)%00%(upstream:short)%00%(objectname)%00%(upstream:track)%00%(upstream:remotename)%00%(upstream:remoteref) refs/heads/origin/main refs/remotes/origin/main [46ms]
2025-02-24 16:12:44.248 [info] > git for-each-ref --format=%(refname)%00%(upstream:short)%00%(objectname)%00%(upstream:track)%00%(upstream:remotename)%00%(upstream:remoteref) refs/heads/main refs/remotes/main [35ms]
2025-02-24 16:12:44.249 [info] > git rev-parse --show-toplevel [43ms]
2025-02-24 16:12:44.253 [info] > git for-each-ref --format=%(refname)%00%(upstream:short)%00%(objectname)%00%(upstream:track)%00%(upstream:remotename)%00%(upstream:remoteref) refs/heads/main refs/remotes/main [14ms]
2025-02-24 16:12:44.253 [info] > git merge-base refs/heads/main refs/remotes/origin/main [32ms]
2025-02-24 16:12:44.274 [info] > git rev-parse --show-toplevel [21ms]
2025-02-24 16:12:44.277 [info] [Model][doInitialScan] Initial repository scan completed - repositories (1), closed repositories (0), parent repositories (0), unsafe repositories (0)
2025-02-24 16:12:44.367 [info] > git show --textconv :.devcontainer/Dockerfile [86ms]
2025-02-24 16:12:44.367 [info] > git diff --name-status -z --diff-filter=ADMR bc3ad3723d172edac167ebe01da65cdc5962ef9e...refs/remotes/origin/main [105ms]
2025-02-24 16:12:44.371 [info] > git ls-files --stage -- /workspaces/BBM104/.devcontainer/Dockerfile [84ms]
2025-02-24 16:12:44.393 [info] > git status -z -uall [12ms]
2025-02-24 16:12:44.401 [info] > git cat-file -s 4912309a701067a7a2897508c073e2200106bd52 [26ms]
2025-02-24 16:12:44.448 [info] > git for-each-ref --sort -committerdate --format %(refname) %(objectname) %(*objectname) [57ms]
2025-02-24 16:12:45.003 [info] > git blame --root --incremental bc3ad3723d172edac167ebe01da65cdc5962ef9e -- /workspaces/BBM104/.devcontainer/Dockerfile [12ms]
2025-02-24 16:12:45.428 [info] > git config --get --local branch.main.github-pr-owner-number [111ms]
2025-02-24 16:12:45.429 [warning] [Git][config] git config failed: Failed to execute git
2025-02-24 16:12:46.023 [info] > git ls-files --stage -- /workspaces/BBM104/.devcontainer/Dockerfile [603ms]
2025-02-24 16:12:46.636 [info] > git cat-file -s 4912309a701067a7a2897508c073e2200106bd52 [594ms]
2025-02-24 16:12:47.368 [info] > git show --textconv :.devcontainer/Dockerfile [584ms]
2025-02-24 16:12:56.819 [info] > git config --get commit.template [205ms]
2025-02-24 16:12:56.873 [info] > git for-each-ref --format=%(refname)%00%(upstream:short)%00%(objectname)%00%(upstream:track)%00%(upstream:remotename)%00%(upstream:remoteref) refs/heads/main refs/remotes/main [200ms]
2025-02-24 16:12:57.725 [info] > git status -z -uall [783ms]
2025-02-24 16:12:57.741 [info] > git for-each-ref --sort -committerdate --format %(refname) %(objectname) %(*objectname) [722ms]
2025-02-24 16:12:57.862 [info] > git config --get commit.template [71ms]
2025-02-24 16:12:58.496 [info] > git for-each-ref --format=%(refname)%00%(upstream:short)%00%(objectname)%00%(upstream:track)%00%(upstream:remotename)%00%(upstream:remoteref) refs/heads/main refs/remotes/main [257ms]
2025-02-24 16:12:58.525 [info] > git for-each-ref --sort -committerdate --format %(refname) %(objectname) %(*objectname) [16ms]
2025-02-24 16:12:58.532 [info] > git status -z -uall [29ms]
2025-02-24 16:13:01.641 [info] > git check-ignore -v -z --stdin [1ms]
2025-02-24 16:13:07.565 [info] > git config --get commit.template [4ms]
2025-02-24 16:13:07.566 [info] > git for-each-ref --format=%(refname)%00%(upstream:short)%00%(objectname)%00%(upstream:track)%00%(upstream:remotename)%00%(upstream:remoteref) refs/heads/main refs/remotes/main [1ms]
2025-02-24 16:13:07.576 [info] > git for-each-ref --sort -committerdate --format %(refname) %(objectname) %(*objectname) [2ms]
2025-02-24 16:13:07.578 [info] > git status -z -uall [7ms]
2025-02-24 16:13:12.600 [info] > git config --get commit.template [5ms]
2025-02-24 16:13:12.601 [info] > git for-each-ref --format=%(refname)%00%(upstream:short)%00%(objectname)%00%(upstream:track)%00%(upstream:remotename)%00%(upstream:remoteref) refs/heads/main refs/remotes/main [1ms]
2025-02-24 16:13:12.612 [info] > git status -z -uall [7ms]
2025-02-24 16:13:12.615 [info] > git for-each-ref --sort -committerdate --format %(refname) %(objectname) %(*objectname) [4ms]
2025-02-24 16:13:17.630 [info] > git config --get commit.template [4ms]
2025-02-24 16:13:17.632 [info] > git for-each-ref --format=%(refname)%00%(upstream:short)%00%(objectname)%00%(upstream:track)%00%(upstream:remotename)%00%(upstream:remoteref) refs/heads/main refs/remotes/main [2ms]
2025-02-24 16:13:17.643 [info] > git for-each-ref --sort -committerdate --format %(refname) %(objectname) %(*objectname) [2ms]
2025-02-24 16:13:17.645 [info] > git status -z -uall [9ms]
2025-02-24 16:13:22.663 [info] > git config --get commit.template [4ms]
2025-02-24 16:13:22.663 [info] > git for-each-ref --format=%(refname)%00%(upstream:short)%00%(objectname)%00%(upstream:track)%00%(upstream:remotename)%00%(upstream:remoteref) refs/heads/main refs/remotes/main [1ms]
2025-02-24 16:13:22.674 [info] > git status -z -uall [7ms]
2025-02-24 16:13:22.676 [info] > git for-each-ref --sort -committerdate --format %(refname) %(objectname) %(*objectname) [4ms]
2025-02-24 16:13:27.692 [info] > git config --get commit.template [4ms]
2025-02-24 16:13:27.693 [info] > git for-each-ref --format=%(refname)%00%(upstream:short)%00%(objectname)%00%(upstream:track)%00%(upstream:remotename)%00%(upstream:remoteref) refs/heads/main refs/remotes/main [1ms]
2025-02-24 16:13:27.703 [info] > git status -z -uall [7ms]
2025-02-24 16:13:27.704 [info] > git for-each-ref --sort -committerdate --format %(refname) %(objectname) %(*objectname) [2ms]
2025-02-24 16:13:29.067 [info] > git check-ignore -v -z --stdin [2ms]
2025-02-24 16:13:29.274 [info] > git log --format=%H%n%aN%n%aE%n%at%n%ct%n%P%n%D%n%B -z --shortstat --diff-merges=first-parent -n50 --skip=0 --topo-order --decorate=full --stdin [753ms]
2025-02-24 16:13:32.723 [info] > git config --get commit.template [5ms]
2025-02-24 16:13:32.723 [info] > git for-each-ref --format=%(refname)%00%(upstream:short)%00%(objectname)%00%(upstream:track)%00%(upstream:remotename)%00%(upstream:remoteref) refs/heads/main refs/remotes/main [1ms]
2025-02-24 16:13:32.734 [info] > git status -z -uall [7ms]
2025-02-24 16:13:32.736 [info] > git for-each-ref --sort -committerdate --format %(refname) %(objectname) %(*objectname) [5ms]
2025-02-24 16:13:35.248 [info] > git check-ignore -v -z --stdin [3ms]
2025-02-24 16:13:36.177 [info] > git check-ignore -v -z --stdin [3ms]
2025-02-24 16:13:37.756 [info] > git config --get commit.template [5ms]
2025-02-24 16:13:37.757 [info] > git for-each-ref --format=%(refname)%00%(upstream:short)%00%(objectname)%00%(upstream:track)%00%(upstream:remotename)%00%(upstream:remoteref) refs/heads/main refs/remotes/main [2ms]
2025-02-24 16:13:37.768 [info] > git status -z -uall [7ms]
2025-02-24 16:13:37.770 [info] > git for-each-ref --sort -committerdate --format %(refname) %(objectname) %(*objectname) [4ms]
2025-02-24 16:13:38.451 [info] > git check-ignore -v -z --stdin [1ms]
2025-02-24 16:13:42.790 [info] > git config --get commit.template [5ms]
2025-02-24 16:13:42.791 [info] > git for-each-ref --format=%(refname)%00%(upstream:short)%00%(objectname)%00%(upstream:track)%00%(upstream:remotename)%00%(upstream:remoteref) refs/heads/main refs/remotes/main [2ms]
2025-02-24 16:13:42.802 [info] > git status -z -uall [7ms]
2025-02-24 16:13:42.803 [info] > git for-each-ref --sort -committerdate --format %(refname) %(objectname) %(*objectname) [4ms]
